0 verbose cli C:\Program Files\nodejs\node.exe C:\Users\mathe\AppData\Roaming\npm\node_modules\npm\bin\npm-cli.js
1 info using npm@10.9.2
2 info using node@v22.11.0
3 silly config load:file:C:\Users\mathe\AppData\Roaming\npm\node_modules\npm\npmrc
4 silly config load:file:C:\Users\mathe\OneDrive\Área de Trabalho\senhas\senhas\.npmrc
5 silly config load:file:C:\Users\mathe\.npmrc
6 silly config load:file:C:\Users\mathe\AppData\Roaming\npm\etc\npmrc
7 verbose title npm install @testing-library/jest-dom@^5.14.1 @testing-library/react@^13.0.0 @testing-library/user-event@^13.2.1 web-vitals@^2.1.0
8 verbose argv "install" "--no-audit" "--save" "@testing-library/jest-dom@^5.14.1" "@testing-library/react@^13.0.0" "@testing-library/user-event@^13.2.1" "web-vitals@^2.1.0"
9 verbose logfile logs-max:10 dir:C:\Users\mathe\OneDrive\Área de Trabalho\senhas\npm-cache\_logs\2024-12-06T16_36_08_411Z-
10 verbose logfile C:\Users\mathe\OneDrive\Área de Trabalho\senhas\npm-cache\_logs\2024-12-06T16_36_08_411Z-debug-0.log
11 silly logfile done cleaning log files
12 silly packumentCache heap:4345298944 maxSize:1086324736 maxEntrySize:543162368
13 silly idealTree buildDeps
14 silly fetch manifest @testing-library/jest-dom@^5.14.1
15 silly packumentCache full:https://registry.npmjs.org/@testing-library%2fjest-dom cache-miss
16 http cache https://registry.npmjs.org/@testing-library%2fjest-dom 190ms (cache hit)
17 silly packumentCache full:https://registry.npmjs.org/@testing-library%2fjest-dom set size:398704 disposed:false
18 silly fetch manifest @testing-library/react@^13.0.0
19 silly packumentCache full:https://registry.npmjs.org/@testing-library%2freact cache-miss
20 http cache https://registry.npmjs.org/@testing-library%2freact 4ms (cache hit)
21 silly packumentCache full:https://registry.npmjs.org/@testing-library%2freact set size:601482 disposed:false
22 silly fetch manifest react@^19.0.0
23 silly packumentCache full:https://registry.npmjs.org/react cache-miss
24 http cache https://registry.npmjs.org/react 13ms (cache hit)
25 silly packumentCache full:https://registry.npmjs.org/react set size:5210123 disposed:false
26 silly fetch manifest react@^18.0.0
27 silly packumentCache full:https://registry.npmjs.org/react cache-miss
28 http cache https://registry.npmjs.org/react 10ms (cache hit)
29 silly packumentCache full:https://registry.npmjs.org/react set size:5210123 disposed:false
30 verbose stack Error: unable to resolve dependency tree
30 verbose stack     at #failPeerConflict (C:\Users\mathe\AppData\Roaming\npm\node_modules\npm\node_modules\@npmcli\arborist\lib\arborist\build-ideal-tree.js:1363:25)
30 verbose stack     at #loadPeerSet (C:\Users\mathe\AppData\Roaming\npm\node_modules\npm\node_modules\@npmcli\arborist\lib\arborist\build-ideal-tree.js:1329:33)
30 verbose stack     at async #buildDepStep (C:\Users\mathe\AppData\Roaming\npm\node_modules\npm\node_modules\@npmcli\arborist\lib\arborist\build-ideal-tree.js:904:11)
30 verbose stack     at async Arborist.buildIdealTree (C:\Users\mathe\AppData\Roaming\npm\node_modules\npm\node_modules\@npmcli\arborist\lib\arborist\build-ideal-tree.js:181:7)
30 verbose stack     at async Promise.all (index 1)
30 verbose stack     at async Arborist.reify (C:\Users\mathe\AppData\Roaming\npm\node_modules\npm\node_modules\@npmcli\arborist\lib\arborist\reify.js:131:5)
30 verbose stack     at async Install.exec (C:\Users\mathe\AppData\Roaming\npm\node_modules\npm\lib\commands\install.js:150:5)
30 verbose stack     at async Npm.exec (C:\Users\mathe\AppData\Roaming\npm\node_modules\npm\lib\npm.js:207:9)
30 verbose stack     at async module.exports (C:\Users\mathe\AppData\Roaming\npm\node_modules\npm\lib\cli\entry.js:74:5)
31 error code ERESOLVE
32 error ERESOLVE unable to resolve dependency tree
33 error
34 error While resolving: senhas@0.1.0
34 error Found: react@19.0.0[2m[22m
34 error [2mnode_modules/react[22m
34 error   react@"^19.0.0" from the root project
34 error
34 error Could not resolve dependency:
34 error [95mpeer[39m react@"^18.0.0" from @testing-library/react@13.4.0[2m[22m
34 error [2mnode_modules/@testing-library/react[22m
34 error   @testing-library/react@"^13.0.0" from the root project
34 error
34 error Fix the upstream dependency conflict, or retry
34 error this command with --force or --legacy-peer-deps
34 error to accept an incorrect (and potentially broken) dependency resolution.
35 error
35 error
35 error For a full report see:
35 error C:\Users\mathe\OneDrive\Área de Trabalho\senhas\npm-cache\_logs\2024-12-06T16_36_08_411Z-eresolve-report.txt
36 silly unfinished npm timer reify 1733502968709
37 silly unfinished npm timer reify:loadTrees 1733502968710
38 silly unfinished npm timer idealTree:buildDeps 1733502968998
39 silly unfinished npm timer idealTree:#root 1733502968998
40 verbose cwd C:\Users\mathe\OneDrive\Área de Trabalho\senhas\senhas
41 verbose os Windows_NT 10.0.26100
42 verbose node v22.11.0
43 verbose npm  v10.9.2
44 verbose exit 1
45 verbose code 1
46 error A complete log of this run can be found in: C:\Users\mathe\OneDrive\Área de Trabalho\senhas\npm-cache\_logs\2024-12-06T16_36_08_411Z-debug-0.log
