0 verbose cli C:\Program Files\nodejs\node.exe C:\Users\mathe\AppData\Roaming\npm\node_modules\npm\bin\npm-cli.js
1 info using npm@10.9.2
2 info using node@v22.11.0
3 silly config load:file:C:\Users\mathe\AppData\Roaming\npm\node_modules\npm\npmrc
4 silly config load:file:C:\Users\mathe\OneDrive\Área de Trabalho\senhas\.npmrc
5 silly config load:file:C:\Users\mathe\.npmrc
6 silly config load:file:C:\Users\mathe\AppData\Roaming\npm\etc\npmrc
7 verbose title npm install react-router-dom
8 verbose argv "install" "react-router-dom"
9 verbose logfile logs-max:10 dir:C:\Users\mathe\OneDrive\Área de Trabalho\senhas\npm-cache\_logs\2024-12-09T12_17_35_925Z-
10 verbose logfile C:\Users\mathe\OneDrive\Área de Trabalho\senhas\npm-cache\_logs\2024-12-09T12_17_35_925Z-debug-0.log
11 silly logfile start cleaning logs, removing 1 files
12 silly packumentCache heap:4345298944 maxSize:1086324736 maxEntrySize:543162368
13 silly logfile done cleaning log files
14 silly idealTree buildDeps
15 silly fetch manifest react-router-dom@*
16 silly packumentCache full:https://registry.npmjs.org/react-router-dom cache-miss
17 http fetch GET 200 https://registry.npmjs.org/react-router-dom 127ms (cache miss)
18 silly packumentCache full:https://registry.npmjs.org/react-router-dom set size:undefined disposed:false
19 silly fetch manifest react@>=18
20 silly packumentCache full:https://registry.npmjs.org/react cache-miss
21 http fetch GET 200 https://registry.npmjs.org/react 51ms (cache revalidated)
22 silly packumentCache full:https://registry.npmjs.org/react set size:5210139 disposed:false
23 silly fetch manifest react-dom@>=18
24 silly packumentCache full:https://registry.npmjs.org/react-dom cache-miss
25 http fetch GET 200 https://registry.npmjs.org/react-dom 54ms (cache revalidated)
26 silly packumentCache full:https://registry.npmjs.org/react-dom set size:6407308 disposed:false
27 silly placeDep ROOT react-router-dom@7.0.2 OK for:  want: *
28 silly placeDep ROOT react@19.0.0 OK for: react-router-dom@7.0.2 want: >=18
29 silly placeDep ROOT react-dom@19.0.0 OK for: react-router-dom@7.0.2 want: >=18
30 silly fetch manifest react-router@7.0.2
31 silly packumentCache full:https://registry.npmjs.org/react-router cache-miss
32 silly fetch manifest scheduler@^0.25.0
33 silly packumentCache full:https://registry.npmjs.org/scheduler cache-miss
34 http fetch GET 200 https://registry.npmjs.org/react-router 54ms (cache miss)
35 silly packumentCache full:https://registry.npmjs.org/react-router set size:undefined disposed:false
36 http fetch GET 200 https://registry.npmjs.org/scheduler 88ms (cache revalidated)
37 silly packumentCache full:https://registry.npmjs.org/scheduler set size:4411318 disposed:false
38 silly placeDep ROOT scheduler@0.25.0 OK for: react-dom@19.0.0 want: ^0.25.0
39 silly placeDep ROOT react-router@7.0.2 OK for: react-router-dom@7.0.2 want: 7.0.2
40 silly fetch manifest cookie@^1.0.1
41 silly packumentCache full:https://registry.npmjs.org/cookie cache-miss
42 silly fetch manifest turbo-stream@2.4.0
43 silly packumentCache full:https://registry.npmjs.org/turbo-stream cache-miss
44 silly fetch manifest @types/cookie@^0.6.0
45 silly packumentCache full:https://registry.npmjs.org/@types%2fcookie cache-miss
46 silly fetch manifest set-cookie-parser@^2.6.0
47 silly packumentCache full:https://registry.npmjs.org/set-cookie-parser cache-miss
48 http fetch GET 200 https://registry.npmjs.org/turbo-stream 45ms (cache miss)
49 silly packumentCache full:https://registry.npmjs.org/turbo-stream set size:undefined disposed:false
50 http fetch GET 200 https://registry.npmjs.org/@types%2fcookie 48ms (cache miss)
51 silly packumentCache full:https://registry.npmjs.org/@types%2fcookie set size:undefined disposed:false
52 http fetch GET 200 https://registry.npmjs.org/set-cookie-parser 68ms (cache miss)
53 silly packumentCache full:https://registry.npmjs.org/set-cookie-parser set size:undefined disposed:false
54 http fetch GET 200 https://registry.npmjs.org/cookie 78ms (cache revalidated)
55 silly packumentCache full:https://registry.npmjs.org/cookie set size:67120 disposed:false
56 silly placeDep ROOT @types/cookie@0.6.0 OK for: react-router@7.0.2 want: ^0.6.0
57 silly placeDep ROOT cookie@1.0.2 OK for: react-router@7.0.2 want: ^1.0.1
58 silly placeDep ROOT set-cookie-parser@2.7.1 OK for: react-router@7.0.2 want: ^2.6.0
59 silly placeDep ROOT turbo-stream@2.4.0 OK for: react-router@7.0.2 want: 2.4.0
60 silly reify moves {}
61 silly audit bulk request {
61 silly audit   '@babel/code-frame': [ '7.26.2' ],
61 silly audit   '@babel/generator': [ '7.26.3' ],
61 silly audit   '@babel/helper-module-imports': [ '7.25.9' ],
61 silly audit   '@babel/helper-string-parser': [ '7.25.9' ],
61 silly audit   '@babel/helper-validator-identifier': [ '7.25.9' ],
61 silly audit   '@babel/parser': [ '7.26.3' ],
61 silly audit   '@babel/runtime': [ '7.26.0' ],
61 silly audit   '@babel/template': [ '7.25.9' ],
61 silly audit   '@babel/traverse': [ '7.26.4' ],
61 silly audit   '@babel/types': [ '7.26.3' ],
61 silly audit   '@emotion/babel-plugin': [ '11.13.5' ],
61 silly audit   '@emotion/cache': [ '11.14.0' ],
61 silly audit   '@emotion/hash': [ '0.9.2' ],
61 silly audit   '@emotion/is-prop-valid': [ '1.3.1' ],
61 silly audit   '@emotion/memoize': [ '0.9.0' ],
61 silly audit   '@emotion/react': [ '11.14.0' ],
61 silly audit   '@emotion/serialize': [ '1.3.3' ],
61 silly audit   '@emotion/sheet': [ '1.4.0' ],
61 silly audit   '@emotion/styled': [ '11.14.0' ],
61 silly audit   '@emotion/unitless': [ '0.10.0' ],
61 silly audit   '@emotion/use-insertion-effect-with-fallbacks': [ '1.2.0' ],
61 silly audit   '@emotion/utils': [ '1.4.2' ],
61 silly audit   '@emotion/weak-memoize': [ '0.4.0' ],
61 silly audit   '@jridgewell/gen-mapping': [ '0.3.5' ],
61 silly audit   '@jridgewell/resolve-uri': [ '3.1.2' ],
61 silly audit   '@jridgewell/set-array': [ '1.2.1' ],
61 silly audit   '@jridgewell/sourcemap-codec': [ '1.5.0' ],
61 silly audit   '@jridgewell/trace-mapping': [ '0.3.25' ],
61 silly audit   '@mui/core-downloads-tracker': [ '6.1.10' ],
61 silly audit   '@mui/material': [ '6.1.10' ],
61 silly audit   '@mui/private-theming': [ '6.1.10' ],
61 silly audit   '@mui/styled-engine': [ '6.1.10' ],
61 silly audit   '@mui/system': [ '6.1.10' ],
61 silly audit   '@mui/types': [ '7.2.19' ],
61 silly audit   '@mui/utils': [ '6.1.10' ],
61 silly audit   '@popperjs/core': [ '2.11.8' ],
61 silly audit   '@types/parse-json': [ '4.0.2' ],
61 silly audit   '@types/prop-types': [ '15.7.14' ],
61 silly audit   '@types/react': [ '19.0.1' ],
61 silly audit   '@types/react-transition-group': [ '4.4.11' ],
61 silly audit   'babel-plugin-macros': [ '3.1.0' ],
61 silly audit   callsites: [ '3.1.0' ],
61 silly audit   clsx: [ '2.1.1' ],
61 silly audit   'convert-source-map': [ '1.9.0' ],
61 silly audit   cosmiconfig: [ '7.1.0' ],
61 silly audit   csstype: [ '3.1.3' ],
61 silly audit   debug: [ '4.4.0' ],
61 silly audit   'dom-helpers': [ '5.2.1' ],
61 silly audit   'error-ex': [ '1.3.2' ],
61 silly audit   'escape-string-regexp': [ '4.0.0' ],
61 silly audit   'find-root': [ '1.1.0' ],
61 silly audit   'function-bind': [ '1.1.2' ],
61 silly audit   globals: [ '11.12.0' ],
61 silly audit   hasown: [ '2.0.2' ],
61 silly audit   'hoist-non-react-statics': [ '3.3.2' ],
61 silly audit   'react-is': [ '16.13.1', '18.3.1' ],
61 silly audit   'import-fresh': [ '3.3.0' ],
61 silly audit   'is-arrayish': [ '0.2.1' ],
61 silly audit   'is-core-module': [ '2.15.1' ],
61 silly audit   'js-tokens': [ '4.0.0' ],
61 silly audit   jsesc: [ '3.0.2' ],
61 silly audit   'json-parse-even-better-errors': [ '2.3.1' ],
61 silly audit   'lines-and-columns': [ '1.2.4' ],
61 silly audit   'loose-envify': [ '1.4.0' ],
61 silly audit   ms: [ '2.1.3' ],
61 silly audit   'object-assign': [ '4.1.1' ],
61 silly audit   'parent-module': [ '1.0.1' ],
61 silly audit   'parse-json': [ '5.2.0' ],
61 silly audit   'path-parse': [ '1.0.7' ],
61 silly audit   'path-type': [ '4.0.0' ],
61 silly audit   picocolors: [ '1.1.1' ],
61 silly audit   'prop-types': [ '15.8.1' ],
61 silly audit   'react-transition-group': [ '4.4.5' ],
61 silly audit   'regenerator-runtime': [ '0.14.1' ],
61 silly audit   resolve: [ '1.22.8' ],
61 silly audit   'resolve-from': [ '4.0.0' ],
61 silly audit   'source-map': [ '0.5.7' ],
61 silly audit   stylis: [ '4.2.0' ],
61 silly audit   'supports-preserve-symlinks-flag': [ '1.0.0' ],
61 silly audit   yaml: [ '1.10.2' ],
61 silly audit   'react-router-dom': [ '7.0.2' ],
61 silly audit   react: [ '19.0.0' ],
61 silly audit   'react-dom': [ '19.0.0' ],
61 silly audit   scheduler: [ '0.25.0' ],
61 silly audit   'react-router': [ '7.0.2' ],
61 silly audit   '@types/cookie': [ '0.6.0' ],
61 silly audit   cookie: [ '1.0.2' ],
61 silly audit   'set-cookie-parser': [ '2.7.1' ],
61 silly audit   'turbo-stream': [ '2.4.0' ]
61 silly audit }
62 http cache turbo-stream@https://registry.npmjs.org/turbo-stream/-/turbo-stream-2.4.0.tgz 0ms (cache hit)
63 http cache set-cookie-parser@https://registry.npmjs.org/set-cookie-parser/-/set-cookie-parser-2.7.1.tgz 0ms (cache hit)
64 http cache cookie@https://registry.npmjs.org/cookie/-/cookie-1.0.2.tgz 0ms (cache hit)
65 http cache @types/cookie@https://registry.npmjs.org/@types/cookie/-/cookie-0.6.0.tgz 0ms (cache hit)
66 http cache react-router@https://registry.npmjs.org/react-router/-/react-router-7.0.2.tgz 0ms (cache hit)
67 http cache scheduler@https://registry.npmjs.org/scheduler/-/scheduler-0.25.0.tgz 0ms (cache hit)
68 silly tarball no local data for turbo-stream@https://registry.npmjs.org/turbo-stream/-/turbo-stream-2.4.0.tgz. Extracting by manifest.
69 silly tarball no local data for set-cookie-parser@https://registry.npmjs.org/set-cookie-parser/-/set-cookie-parser-2.7.1.tgz. Extracting by manifest.
70 silly tarball no local data for cookie@https://registry.npmjs.org/cookie/-/cookie-1.0.2.tgz. Extracting by manifest.
71 silly tarball no local data for @types/cookie@https://registry.npmjs.org/@types/cookie/-/cookie-0.6.0.tgz. Extracting by manifest.
72 silly tarball no local data for react-router@https://registry.npmjs.org/react-router/-/react-router-7.0.2.tgz. Extracting by manifest.
73 http cache react@https://registry.npmjs.org/react/-/react-19.0.0.tgz 0ms (cache hit)
74 http cache react-dom@https://registry.npmjs.org/react-dom/-/react-dom-19.0.0.tgz 0ms (cache hit)
75 http cache react-router-dom@https://registry.npmjs.org/react-router-dom/-/react-router-dom-7.0.2.tgz 0ms (cache hit)
76 silly tarball no local data for react-router-dom@https://registry.npmjs.org/react-router-dom/-/react-router-dom-7.0.2.tgz. Extracting by manifest.
77 http fetch GET 200 https://registry.npmjs.org/set-cookie-parser/-/set-cookie-parser-2.7.1.tgz 49ms (cache miss)
78 http fetch GET 200 https://registry.npmjs.org/cookie/-/cookie-1.0.2.tgz 49ms (cache miss)
79 http fetch GET 200 https://registry.npmjs.org/turbo-stream/-/turbo-stream-2.4.0.tgz 57ms (cache miss)
80 http fetch GET 200 https://registry.npmjs.org/react-router-dom/-/react-router-dom-7.0.2.tgz 87ms (cache miss)
81 http fetch GET 200 https://registry.npmjs.org/@types/cookie/-/cookie-0.6.0.tgz 108ms (cache miss)
82 http fetch GET 200 https://registry.npmjs.org/react-router/-/react-router-7.0.2.tgz 169ms (cache miss)
83 http fetch POST 200 https://registry.npmjs.org/-/npm/v1/security/advisories/bulk 256ms
84 silly audit report {}
85 silly ADD node_modules/turbo-stream
86 silly ADD node_modules/set-cookie-parser
87 silly ADD node_modules/cookie
88 silly ADD node_modules/@types/cookie
89 silly ADD node_modules/react-router
90 silly ADD node_modules/scheduler
91 silly ADD node_modules/react-dom
92 silly ADD node_modules/react
93 silly ADD node_modules/react-router-dom
94 verbose cwd C:\Users\mathe\OneDrive\Área de Trabalho\senhas
95 verbose os Windows_NT 10.0.26100
96 verbose node v22.11.0
97 verbose npm  v10.9.2
98 verbose exit 0
99 info ok
