0 verbose cli C:\Program Files\nodejs\node.exe C:\Users\mathe\AppData\Roaming\npm\node_modules\npm\bin\npm-cli.js
1 info using npm@10.9.2
2 info using node@v22.11.0
3 silly config load:file:C:\Users\mathe\AppData\Roaming\npm\node_modules\npm\npmrc
4 silly config load:file:C:\Users\mathe\OneDrive\Área de Trabalho\senhas\.npmrc
5 silly config load:file:C:\Users\mathe\.npmrc
6 silly config load:file:C:\Users\mathe\AppData\Roaming\npm\etc\npmrc
7 verbose title npm install @mui/material @mui/system @emotion/react @emotion/styled
8 verbose argv "install" "@mui/material" "@mui/system" "@emotion/react" "@emotion/styled" "--legacy-peer-deps"
9 verbose logfile logs-max:10 dir:C:\Users\mathe\OneDrive\Área de Trabalho\senhas\npm-cache\_logs\2024-12-09T12_03_28_509Z-
10 verbose logfile C:\Users\mathe\OneDrive\Área de Trabalho\senhas\npm-cache\_logs\2024-12-09T12_03_28_509Z-debug-0.log
11 silly logfile start cleaning logs, removing 1 files
12 silly packumentCache heap:4345298944 maxSize:1086324736 maxEntrySize:543162368
13 silly logfile done cleaning log files
14 silly idealTree buildDeps
15 silly fetch manifest @mui/material@*
16 silly packumentCache full:https://registry.npmjs.org/@mui%2fmaterial cache-miss
17 http cache https://registry.npmjs.org/@mui%2fmaterial 10ms (cache hit)
18 silly packumentCache full:https://registry.npmjs.org/@mui%2fmaterial set size:640333 disposed:false
19 silly fetch manifest @mui/system@*
20 silly packumentCache full:https://registry.npmjs.org/@mui%2fsystem cache-miss
21 http fetch GET 200 https://registry.npmjs.org/@mui%2fsystem 130ms (cache miss)
22 silly packumentCache full:https://registry.npmjs.org/@mui%2fsystem set size:undefined disposed:false
23 silly fetch manifest @emotion/react@*
24 silly packumentCache full:https://registry.npmjs.org/@emotion%2freact cache-miss
25 http cache https://registry.npmjs.org/@emotion%2freact 4ms (cache hit)
26 silly packumentCache full:https://registry.npmjs.org/@emotion%2freact set size:196548 disposed:false
27 silly fetch manifest @emotion/styled@*
28 silly packumentCache full:https://registry.npmjs.org/@emotion%2fstyled cache-miss
29 http cache https://registry.npmjs.org/@emotion%2fstyled 2ms (cache hit)
30 silly packumentCache full:https://registry.npmjs.org/@emotion%2fstyled set size:279403 disposed:false
31 silly placeDep ROOT @emotion/react@11.14.0 OK for:  want: *
32 silly placeDep ROOT @emotion/styled@11.14.0 OK for:  want: *
33 silly placeDep ROOT @mui/material@6.1.10 OK for:  want: *
34 silly placeDep ROOT @mui/system@6.1.10 OK for:  want: *
35 silly fetch manifest @babel/runtime@^7.18.3
36 silly packumentCache full:https://registry.npmjs.org/@babel%2fruntime cache-miss
37 silly fetch manifest @emotion/babel-plugin@^11.13.5
38 silly packumentCache full:https://registry.npmjs.org/@emotion%2fbabel-plugin cache-miss
39 silly fetch manifest @emotion/cache@^11.14.0
40 silly packumentCache full:https://registry.npmjs.org/@emotion%2fcache cache-miss
41 silly fetch manifest @emotion/serialize@^1.3.3
42 silly packumentCache full:https://registry.npmjs.org/@emotion%2fserialize cache-miss
43 silly fetch manifest @emotion/use-insertion-effect-with-fallbacks@^1.2.0
44 silly packumentCache full:https://registry.npmjs.org/@emotion%2fuse-insertion-effect-with-fallbacks cache-miss
45 silly fetch manifest @emotion/utils@^1.4.2
46 silly packumentCache full:https://registry.npmjs.org/@emotion%2futils cache-miss
47 silly fetch manifest @emotion/weak-memoize@^0.4.0
48 silly packumentCache full:https://registry.npmjs.org/@emotion%2fweak-memoize cache-miss
49 silly fetch manifest hoist-non-react-statics@^3.3.1
50 silly packumentCache full:https://registry.npmjs.org/hoist-non-react-statics cache-miss
51 silly fetch manifest @babel/runtime@^7.18.3
52 silly packumentCache full:https://registry.npmjs.org/@babel%2fruntime cache-miss
53 silly fetch manifest @emotion/babel-plugin@^11.13.5
54 silly packumentCache full:https://registry.npmjs.org/@emotion%2fbabel-plugin cache-miss
55 silly fetch manifest @emotion/is-prop-valid@^1.3.0
56 silly packumentCache full:https://registry.npmjs.org/@emotion%2fis-prop-valid cache-miss
57 silly fetch manifest @emotion/serialize@^1.3.3
58 silly packumentCache full:https://registry.npmjs.org/@emotion%2fserialize cache-miss
59 silly fetch manifest @emotion/use-insertion-effect-with-fallbacks@^1.2.0
60 silly packumentCache full:https://registry.npmjs.org/@emotion%2fuse-insertion-effect-with-fallbacks cache-miss
61 silly fetch manifest @emotion/utils@^1.4.2
62 silly packumentCache full:https://registry.npmjs.org/@emotion%2futils cache-miss
63 silly fetch manifest @babel/runtime@^7.26.0
64 silly packumentCache full:https://registry.npmjs.org/@babel%2fruntime cache-miss
65 silly fetch manifest @popperjs/core@^2.11.8
66 silly packumentCache full:https://registry.npmjs.org/@popperjs%2fcore cache-miss
67 silly fetch manifest @types/react-transition-group@^4.4.11
68 silly packumentCache full:https://registry.npmjs.org/@types%2freact-transition-group cache-miss
69 silly fetch manifest clsx@^2.1.1
70 silly packumentCache full:https://registry.npmjs.org/clsx cache-miss
71 silly fetch manifest csstype@^3.1.3
72 silly packumentCache full:https://registry.npmjs.org/csstype cache-miss
73 silly fetch manifest prop-types@^15.8.1
74 silly packumentCache full:https://registry.npmjs.org/prop-types cache-miss
75 silly fetch manifest react-is@^18.3.1
76 silly packumentCache full:https://registry.npmjs.org/react-is cache-miss
77 silly fetch manifest react-transition-group@^4.4.5
78 silly packumentCache full:https://registry.npmjs.org/react-transition-group cache-miss
79 silly fetch manifest @mui/system@^6.1.10
80 silly packumentCache full:https://registry.npmjs.org/@mui%2fsystem cache-miss
81 silly fetch manifest @mui/types@^7.2.19
82 silly packumentCache full:https://registry.npmjs.org/@mui%2ftypes cache-miss
83 silly fetch manifest @mui/core-downloads-tracker@^6.1.10
84 silly packumentCache full:https://registry.npmjs.org/@mui%2fcore-downloads-tracker cache-miss
85 silly fetch manifest @mui/utils@^6.1.10
86 silly packumentCache full:https://registry.npmjs.org/@mui%2futils cache-miss
87 silly fetch manifest @babel/runtime@^7.26.0
88 silly packumentCache full:https://registry.npmjs.org/@babel%2fruntime cache-miss
89 http cache https://registry.npmjs.org/@mui%2fsystem 58ms (cache hit)
90 silly packumentCache full:https://registry.npmjs.org/@mui%2fsystem set size:523290 disposed:false
91 silly fetch manifest clsx@^2.1.1
92 silly packumentCache full:https://registry.npmjs.org/clsx cache-miss
93 http fetch GET 200 https://registry.npmjs.org/@emotion%2fcache 69ms (cache miss)
94 silly packumentCache full:https://registry.npmjs.org/@emotion%2fcache set size:undefined disposed:false
95 silly fetch manifest csstype@^3.1.3
96 silly packumentCache full:https://registry.npmjs.org/csstype cache-miss
97 http fetch GET 200 https://registry.npmjs.org/hoist-non-react-statics 92ms (cache miss)
98 silly packumentCache full:https://registry.npmjs.org/hoist-non-react-statics set size:undefined disposed:false
99 silly fetch manifest prop-types@^15.8.1
100 silly packumentCache full:https://registry.npmjs.org/prop-types cache-miss
101 http fetch GET 200 https://registry.npmjs.org/csstype 96ms (cache miss)
102 silly packumentCache full:https://registry.npmjs.org/csstype set size:undefined disposed:false
103 silly fetch manifest @mui/styled-engine@^6.1.10
104 silly packumentCache full:https://registry.npmjs.org/@mui%2fstyled-engine cache-miss
105 http fetch GET 200 https://registry.npmjs.org/@emotion%2fuse-insertion-effect-with-fallbacks 101ms (cache miss)
106 silly packumentCache full:https://registry.npmjs.org/@emotion%2fuse-insertion-effect-with-fallbacks set size:undefined disposed:false
107 silly fetch manifest @mui/private-theming@^6.1.10
108 silly packumentCache full:https://registry.npmjs.org/@mui%2fprivate-theming cache-miss
109 http fetch GET 200 https://registry.npmjs.org/@emotion%2fuse-insertion-effect-with-fallbacks 109ms (cache miss)
110 silly packumentCache full:https://registry.npmjs.org/@emotion%2fuse-insertion-effect-with-fallbacks set size:undefined disposed:false
111 silly fetch manifest @mui/types@^7.2.19
112 silly packumentCache full:https://registry.npmjs.org/@mui%2ftypes cache-miss
113 http fetch GET 200 https://registry.npmjs.org/@emotion%2fweak-memoize 113ms (cache miss)
114 silly packumentCache full:https://registry.npmjs.org/@emotion%2fweak-memoize set size:undefined disposed:false
115 silly fetch manifest @mui/utils@^6.1.10
116 silly packumentCache full:https://registry.npmjs.org/@mui%2futils cache-miss
117 http fetch GET 200 https://registry.npmjs.org/clsx 123ms (cache miss)
118 silly packumentCache full:https://registry.npmjs.org/clsx set size:undefined disposed:false
119 http fetch GET 200 https://registry.npmjs.org/react-is 130ms (cache revalidated)
120 silly packumentCache full:https://registry.npmjs.org/react-is set size:4252796 disposed:false
121 http fetch GET 200 https://registry.npmjs.org/@emotion%2fis-prop-valid 154ms (cache miss)
122 silly packumentCache full:https://registry.npmjs.org/@emotion%2fis-prop-valid set size:undefined disposed:false
123 http fetch GET 200 https://registry.npmjs.org/@types%2freact-transition-group 167ms (cache miss)
124 silly packumentCache full:https://registry.npmjs.org/@types%2freact-transition-group set size:undefined disposed:false
125 http fetch GET 200 https://registry.npmjs.org/@emotion%2futils 168ms (cache miss)
126 silly packumentCache full:https://registry.npmjs.org/@emotion%2futils set size:undefined disposed:false
127 http fetch GET 200 https://registry.npmjs.org/@emotion%2fserialize 176ms (cache miss)
128 silly packumentCache full:https://registry.npmjs.org/@emotion%2fserialize set size:undefined disposed:false
129 http fetch GET 200 https://registry.npmjs.org/@emotion%2fbabel-plugin 177ms (cache miss)
130 silly packumentCache full:https://registry.npmjs.org/@emotion%2fbabel-plugin set size:undefined disposed:false
131 http fetch GET 200 https://registry.npmjs.org/@emotion%2futils 178ms (cache miss)
132 silly packumentCache full:https://registry.npmjs.org/@emotion%2futils set size:undefined disposed:false
133 http fetch GET 200 https://registry.npmjs.org/@emotion%2fbabel-plugin 179ms (cache miss)
134 silly packumentCache full:https://registry.npmjs.org/@emotion%2fbabel-plugin set size:undefined disposed:false
135 http fetch GET 200 https://registry.npmjs.org/prop-types 89ms (cache revalidated)
136 silly packumentCache full:https://registry.npmjs.org/prop-types set size:76747 disposed:false
137 http fetch GET 200 https://registry.npmjs.org/prop-types 182ms (cache revalidated)
138 silly packumentCache full:https://registry.npmjs.org/prop-types set size:76747 disposed:false
139 silly packumentCache full:https://registry.npmjs.org/prop-types dispose
140 http fetch GET 200 https://registry.npmjs.org/react-transition-group 182ms (cache miss)
141 silly packumentCache full:https://registry.npmjs.org/react-transition-group set size:undefined disposed:false
142 http fetch GET 200 https://registry.npmjs.org/@emotion%2fserialize 191ms (cache miss)
143 silly packumentCache full:https://registry.npmjs.org/@emotion%2fserialize set size:undefined disposed:false
144 http fetch GET 200 https://registry.npmjs.org/@mui%2ftypes 191ms (cache miss)
145 silly packumentCache full:https://registry.npmjs.org/@mui%2ftypes set size:undefined disposed:false
146 http fetch GET 200 https://registry.npmjs.org/clsx 133ms (cache miss)
147 silly packumentCache full:https://registry.npmjs.org/clsx set size:undefined disposed:false
148 http fetch GET 200 https://registry.npmjs.org/@mui%2ftypes 89ms (cache miss)
149 silly packumentCache full:https://registry.npmjs.org/@mui%2ftypes set size:undefined disposed:false
150 http fetch GET 200 https://registry.npmjs.org/@mui%2fprivate-theming 103ms (cache miss)
151 silly packumentCache full:https://registry.npmjs.org/@mui%2fprivate-theming set size:undefined disposed:false
152 http fetch GET 200 https://registry.npmjs.org/@popperjs%2fcore 207ms (cache miss)
153 silly packumentCache full:https://registry.npmjs.org/@popperjs%2fcore set size:undefined disposed:false
154 http fetch GET 200 https://registry.npmjs.org/@mui%2fstyled-engine 114ms (cache miss)
155 silly packumentCache full:https://registry.npmjs.org/@mui%2fstyled-engine set size:undefined disposed:false
156 http fetch GET 200 https://registry.npmjs.org/csstype 146ms (cache miss)
157 silly packumentCache full:https://registry.npmjs.org/csstype set size:undefined disposed:false
158 http fetch GET 200 https://registry.npmjs.org/@mui%2futils 215ms (cache miss)
159 silly packumentCache full:https://registry.npmjs.org/@mui%2futils set size:undefined disposed:false
160 http fetch GET 200 https://registry.npmjs.org/@mui%2fcore-downloads-tracker 217ms (cache miss)
161 silly packumentCache full:https://registry.npmjs.org/@mui%2fcore-downloads-tracker set size:undefined disposed:false
162 http fetch GET 200 https://registry.npmjs.org/@mui%2futils 113ms (cache miss)
163 silly packumentCache full:https://registry.npmjs.org/@mui%2futils set size:undefined disposed:false
164 http fetch GET 200 https://registry.npmjs.org/@babel%2fruntime 243ms (cache updated)
165 silly packumentCache full:https://registry.npmjs.org/@babel%2fruntime set size:undefined disposed:false
166 http fetch GET 200 https://registry.npmjs.org/@babel%2fruntime 254ms (cache updated)
167 silly packumentCache full:https://registry.npmjs.org/@babel%2fruntime set size:undefined disposed:false
168 http fetch GET 200 https://registry.npmjs.org/@babel%2fruntime 262ms (cache updated)
169 silly packumentCache full:https://registry.npmjs.org/@babel%2fruntime set size:undefined disposed:false
170 http fetch GET 200 https://registry.npmjs.org/@babel%2fruntime 281ms (cache updated)
171 silly packumentCache full:https://registry.npmjs.org/@babel%2fruntime set size:undefined disposed:false
172 silly placeDep ROOT @babel/runtime@7.26.0 OK for: @emotion/react@11.14.0 want: ^7.18.3
173 silly placeDep ROOT @emotion/babel-plugin@11.13.5 OK for: @emotion/react@11.14.0 want: ^11.13.5
174 silly placeDep ROOT @emotion/cache@11.14.0 OK for: @emotion/react@11.14.0 want: ^11.14.0
175 silly placeDep ROOT @emotion/serialize@1.3.3 OK for: @emotion/react@11.14.0 want: ^1.3.3
176 silly placeDep ROOT @emotion/use-insertion-effect-with-fallbacks@1.2.0 OK for: @emotion/react@11.14.0 want: ^1.2.0
177 silly placeDep ROOT @emotion/utils@1.4.2 OK for: @emotion/react@11.14.0 want: ^1.4.2
178 silly placeDep ROOT @emotion/weak-memoize@0.4.0 OK for: @emotion/react@11.14.0 want: ^0.4.0
179 silly placeDep ROOT hoist-non-react-statics@3.3.2 OK for: @emotion/react@11.14.0 want: ^3.3.1
180 silly fetch manifest regenerator-runtime@^0.14.0
181 silly packumentCache full:https://registry.npmjs.org/regenerator-runtime cache-miss
182 silly fetch manifest @babel/helper-module-imports@^7.16.7
183 silly packumentCache full:https://registry.npmjs.org/@babel%2fhelper-module-imports cache-miss
184 silly fetch manifest @emotion/hash@^0.9.2
185 silly packumentCache full:https://registry.npmjs.org/@emotion%2fhash cache-miss
186 silly fetch manifest @emotion/memoize@^0.9.0
187 silly packumentCache full:https://registry.npmjs.org/@emotion%2fmemoize cache-miss
188 silly fetch manifest babel-plugin-macros@^3.1.0
189 silly packumentCache full:https://registry.npmjs.org/babel-plugin-macros cache-miss
190 silly fetch manifest convert-source-map@^1.5.0
191 silly packumentCache full:https://registry.npmjs.org/convert-source-map cache-miss
192 silly fetch manifest escape-string-regexp@^4.0.0
193 silly packumentCache full:https://registry.npmjs.org/escape-string-regexp cache-miss
194 silly fetch manifest find-root@^1.1.0
195 silly packumentCache full:https://registry.npmjs.org/find-root cache-miss
196 silly fetch manifest source-map@^0.5.7
197 silly packumentCache full:https://registry.npmjs.org/source-map cache-miss
198 silly fetch manifest stylis@4.2.0
199 silly packumentCache full:https://registry.npmjs.org/stylis cache-miss
200 silly fetch manifest @emotion/memoize@^0.9.0
201 silly packumentCache full:https://registry.npmjs.org/@emotion%2fmemoize cache-miss
202 silly fetch manifest @emotion/sheet@^1.4.0
203 silly packumentCache full:https://registry.npmjs.org/@emotion%2fsheet cache-miss
204 silly fetch manifest stylis@4.2.0
205 silly packumentCache full:https://registry.npmjs.org/stylis cache-miss
206 silly fetch manifest @emotion/hash@^0.9.2
207 silly packumentCache full:https://registry.npmjs.org/@emotion%2fhash cache-miss
208 silly fetch manifest @emotion/memoize@^0.9.0
209 silly packumentCache full:https://registry.npmjs.org/@emotion%2fmemoize cache-miss
210 silly fetch manifest @emotion/unitless@^0.10.0
211 silly packumentCache full:https://registry.npmjs.org/@emotion%2funitless cache-miss
212 silly fetch manifest csstype@^3.0.2
213 silly packumentCache full:https://registry.npmjs.org/csstype cache-miss
214 silly fetch manifest react-is@^16.7.0
215 silly packumentCache full:https://registry.npmjs.org/react-is cache-miss
216 http cache https://registry.npmjs.org/csstype 15ms (cache hit)
217 silly packumentCache full:https://registry.npmjs.org/csstype set size:371760 disposed:false
218 http cache https://registry.npmjs.org/react-is 21ms (cache hit)
219 silly packumentCache full:https://registry.npmjs.org/react-is set size:4252796 disposed:false
220 http fetch GET 200 https://registry.npmjs.org/convert-source-map 52ms (cache revalidated)
221 silly packumentCache full:https://registry.npmjs.org/convert-source-map set size:66997 disposed:false
222 http fetch GET 200 https://registry.npmjs.org/find-root 52ms (cache miss)
223 silly packumentCache full:https://registry.npmjs.org/find-root set size:undefined disposed:false
224 http fetch GET 200 https://registry.npmjs.org/@emotion%2fmemoize 54ms (cache miss)
225 silly packumentCache full:https://registry.npmjs.org/@emotion%2fmemoize set size:undefined disposed:false
226 http fetch GET 200 https://registry.npmjs.org/babel-plugin-macros 55ms (cache revalidated)
227 silly packumentCache full:https://registry.npmjs.org/babel-plugin-macros set size:124320 disposed:false
228 http fetch GET 200 https://registry.npmjs.org/@emotion%2fhash 57ms (cache miss)
229 silly packumentCache full:https://registry.npmjs.org/@emotion%2fhash set size:undefined disposed:false
230 http fetch GET 200 https://registry.npmjs.org/@emotion%2fmemoize 58ms (cache miss)
231 silly packumentCache full:https://registry.npmjs.org/@emotion%2fmemoize set size:undefined disposed:false
232 http fetch GET 200 https://registry.npmjs.org/@emotion%2fhash 60ms (cache miss)
233 silly packumentCache full:https://registry.npmjs.org/@emotion%2fhash set size:undefined disposed:false
234 http fetch GET 200 https://registry.npmjs.org/regenerator-runtime 61ms (cache revalidated)
235 silly packumentCache full:https://registry.npmjs.org/regenerator-runtime set size:59671 disposed:false
236 http fetch GET 200 https://registry.npmjs.org/source-map 61ms (cache revalidated)
237 silly packumentCache full:https://registry.npmjs.org/source-map set size:243251 disposed:false
238 http fetch GET 200 https://registry.npmjs.org/@emotion%2fmemoize 63ms (cache miss)
239 silly packumentCache full:https://registry.npmjs.org/@emotion%2fmemoize set size:undefined disposed:false
240 http fetch GET 200 https://registry.npmjs.org/@emotion%2funitless 65ms (cache miss)
241 silly packumentCache full:https://registry.npmjs.org/@emotion%2funitless set size:undefined disposed:false
242 http fetch GET 200 https://registry.npmjs.org/@babel%2fhelper-module-imports 67ms (cache updated)
243 silly packumentCache full:https://registry.npmjs.org/@babel%2fhelper-module-imports set size:undefined disposed:false
244 http fetch GET 200 https://registry.npmjs.org/stylis 67ms (cache miss)
245 silly packumentCache full:https://registry.npmjs.org/stylis set size:undefined disposed:false
246 http fetch GET 200 https://registry.npmjs.org/stylis 71ms (cache miss)
247 silly packumentCache full:https://registry.npmjs.org/stylis set size:undefined disposed:false
248 http fetch GET 200 https://registry.npmjs.org/@emotion%2fsheet 73ms (cache miss)
249 silly packumentCache full:https://registry.npmjs.org/@emotion%2fsheet set size:undefined disposed:false
250 http fetch GET 200 https://registry.npmjs.org/escape-string-regexp 78ms (cache revalidated)
251 silly packumentCache full:https://registry.npmjs.org/escape-string-regexp set size:22244 disposed:false
252 silly placeDep ROOT regenerator-runtime@0.14.1 OK for: @babel/runtime@7.26.0 want: ^0.14.0
253 silly placeDep ROOT @babel/helper-module-imports@7.25.9 OK for: @emotion/babel-plugin@11.13.5 want: ^7.16.7
254 silly placeDep ROOT @emotion/hash@0.9.2 OK for: @emotion/babel-plugin@11.13.5 want: ^0.9.2
255 silly placeDep ROOT @emotion/memoize@0.9.0 OK for: @emotion/babel-plugin@11.13.5 want: ^0.9.0
256 silly placeDep ROOT babel-plugin-macros@3.1.0 OK for: @emotion/babel-plugin@11.13.5 want: ^3.1.0
257 silly placeDep ROOT convert-source-map@1.9.0 OK for: @emotion/babel-plugin@11.13.5 want: ^1.5.0
258 silly placeDep ROOT escape-string-regexp@4.0.0 OK for: @emotion/babel-plugin@11.13.5 want: ^4.0.0
259 silly placeDep ROOT find-root@1.1.0 OK for: @emotion/babel-plugin@11.13.5 want: ^1.1.0
260 silly placeDep ROOT source-map@0.5.7 OK for: @emotion/babel-plugin@11.13.5 want: ^0.5.7
261 silly placeDep ROOT stylis@4.2.0 OK for: @emotion/babel-plugin@11.13.5 want: 4.2.0
262 silly fetch manifest @babel/types@^7.25.9
263 silly packumentCache full:https://registry.npmjs.org/@babel%2ftypes cache-miss
264 silly fetch manifest @babel/traverse@^7.25.9
265 silly packumentCache full:https://registry.npmjs.org/@babel%2ftraverse cache-miss
266 silly fetch manifest cosmiconfig@^7.0.0
267 silly packumentCache full:https://registry.npmjs.org/cosmiconfig cache-miss
268 silly fetch manifest resolve@^1.19.0
269 silly packumentCache full:https://registry.npmjs.org/resolve cache-miss
270 http fetch GET 200 https://registry.npmjs.org/resolve 35ms (cache revalidated)
271 silly packumentCache full:https://registry.npmjs.org/resolve set size:288408 disposed:false
272 http fetch GET 200 https://registry.npmjs.org/cosmiconfig 40ms (cache revalidated)
273 silly packumentCache full:https://registry.npmjs.org/cosmiconfig set size:275399 disposed:false
274 http fetch GET 200 https://registry.npmjs.org/@babel%2ftraverse 45ms (cache updated)
275 silly packumentCache full:https://registry.npmjs.org/@babel%2ftraverse set size:undefined disposed:false
276 http fetch GET 200 https://registry.npmjs.org/@babel%2ftypes 60ms (cache updated)
277 silly packumentCache full:https://registry.npmjs.org/@babel%2ftypes set size:undefined disposed:false
278 silly placeDep ROOT @babel/traverse@7.26.4 OK for: @babel/helper-module-imports@7.25.9 want: ^7.25.9
279 silly placeDep ROOT @babel/types@7.26.3 OK for: @babel/helper-module-imports@7.25.9 want: ^7.25.9
280 silly fetch manifest debug@^4.3.1
281 silly packumentCache full:https://registry.npmjs.org/debug cache-miss
282 silly fetch manifest globals@^11.1.0
283 silly packumentCache full:https://registry.npmjs.org/globals cache-miss
284 silly fetch manifest @babel/types@^7.26.3
285 silly packumentCache full:https://registry.npmjs.org/@babel%2ftypes cache-miss
286 silly fetch manifest @babel/parser@^7.26.3
287 silly packumentCache full:https://registry.npmjs.org/@babel%2fparser cache-miss
288 silly fetch manifest @babel/template@^7.25.9
289 silly packumentCache full:https://registry.npmjs.org/@babel%2ftemplate cache-miss
290 silly fetch manifest @babel/generator@^7.26.3
291 silly packumentCache full:https://registry.npmjs.org/@babel%2fgenerator cache-miss
292 silly fetch manifest @babel/code-frame@^7.26.2
293 silly packumentCache full:https://registry.npmjs.org/@babel%2fcode-frame cache-miss
294 silly fetch manifest @babel/helper-string-parser@^7.25.9
295 silly packumentCache full:https://registry.npmjs.org/@babel%2fhelper-string-parser cache-miss
296 silly fetch manifest @babel/helper-validator-identifier@^7.25.9
297 silly packumentCache full:https://registry.npmjs.org/@babel%2fhelper-validator-identifier cache-miss
298 http cache https://registry.npmjs.org/@babel%2ftypes 9ms (cache hit)
299 silly packumentCache full:https://registry.npmjs.org/@babel%2ftypes set size:433280 disposed:false
300 http fetch GET 200 https://registry.npmjs.org/globals 36ms (cache revalidated)
301 silly packumentCache full:https://registry.npmjs.org/globals set size:263947 disposed:false
302 http fetch GET 200 https://registry.npmjs.org/debug 48ms (cache revalidated)
303 silly packumentCache full:https://registry.npmjs.org/debug set size:191347 disposed:false
304 http fetch GET 200 https://registry.npmjs.org/@babel%2fcode-frame 54ms (cache updated)
305 silly packumentCache full:https://registry.npmjs.org/@babel%2fcode-frame set size:undefined disposed:false
306 http fetch GET 200 https://registry.npmjs.org/@babel%2fhelper-string-parser 57ms (cache updated)
307 silly packumentCache full:https://registry.npmjs.org/@babel%2fhelper-string-parser set size:undefined disposed:false
308 http fetch GET 200 https://registry.npmjs.org/@babel%2fhelper-validator-identifier 59ms (cache updated)
309 silly packumentCache full:https://registry.npmjs.org/@babel%2fhelper-validator-identifier set size:undefined disposed:false
310 http fetch GET 200 https://registry.npmjs.org/@babel%2ftemplate 68ms (cache updated)
311 silly packumentCache full:https://registry.npmjs.org/@babel%2ftemplate set size:undefined disposed:false
312 http fetch GET 200 https://registry.npmjs.org/@babel%2fgenerator 71ms (cache updated)
313 silly packumentCache full:https://registry.npmjs.org/@babel%2fgenerator set size:undefined disposed:false
314 http fetch GET 200 https://registry.npmjs.org/@babel%2fparser 72ms (cache updated)
315 silly packumentCache full:https://registry.npmjs.org/@babel%2fparser set size:undefined disposed:false
316 silly placeDep ROOT @babel/code-frame@7.26.2 OK for: @babel/traverse@7.26.4 want: ^7.26.2
317 silly placeDep ROOT @babel/generator@7.26.3 OK for: @babel/traverse@7.26.4 want: ^7.26.3
318 silly placeDep ROOT @babel/parser@7.26.3 OK for: @babel/traverse@7.26.4 want: ^7.26.3
319 silly placeDep ROOT @babel/template@7.25.9 OK for: @babel/traverse@7.26.4 want: ^7.25.9
320 silly placeDep ROOT debug@4.4.0 OK for: @babel/traverse@7.26.4 want: ^4.3.1
321 silly placeDep ROOT globals@11.12.0 OK for: @babel/traverse@7.26.4 want: ^11.1.0
322 silly fetch manifest js-tokens@^4.0.0
323 silly packumentCache full:https://registry.npmjs.org/js-tokens cache-miss
324 silly fetch manifest picocolors@^1.0.0
325 silly packumentCache full:https://registry.npmjs.org/picocolors cache-miss
326 silly fetch manifest jsesc@^3.0.2
327 silly packumentCache full:https://registry.npmjs.org/jsesc cache-miss
328 silly fetch manifest @jridgewell/gen-mapping@^0.3.5
329 silly packumentCache full:https://registry.npmjs.org/@jridgewell%2fgen-mapping cache-miss
330 silly fetch manifest @jridgewell/trace-mapping@^0.3.25
331 silly packumentCache full:https://registry.npmjs.org/@jridgewell%2ftrace-mapping cache-miss
332 silly fetch manifest ms@^2.1.3
333 silly packumentCache full:https://registry.npmjs.org/ms cache-miss
334 http fetch GET 200 https://registry.npmjs.org/ms 33ms (cache revalidated)
335 silly packumentCache full:https://registry.npmjs.org/ms set size:84885 disposed:false
336 http fetch GET 200 https://registry.npmjs.org/jsesc 39ms (cache revalidated)
337 silly packumentCache full:https://registry.npmjs.org/jsesc set size:59783 disposed:false
338 http fetch GET 200 https://registry.npmjs.org/js-tokens 41ms (cache revalidated)
339 silly packumentCache full:https://registry.npmjs.org/js-tokens set size:40514 disposed:false
340 http fetch GET 200 https://registry.npmjs.org/@jridgewell%2ftrace-mapping 45ms (cache revalidated)
341 silly packumentCache full:https://registry.npmjs.org/@jridgewell%2ftrace-mapping set size:146917 disposed:false
342 http fetch GET 200 https://registry.npmjs.org/picocolors 45ms (cache revalidated)
343 silly packumentCache full:https://registry.npmjs.org/picocolors set size:16648 disposed:false
344 http fetch GET 200 https://registry.npmjs.org/@jridgewell%2fgen-mapping 54ms (cache revalidated)
345 silly packumentCache full:https://registry.npmjs.org/@jridgewell%2fgen-mapping set size:88307 disposed:false
346 silly placeDep ROOT @babel/helper-validator-identifier@7.25.9 OK for: @babel/code-frame@7.26.2 want: ^7.25.9
347 silly placeDep ROOT js-tokens@4.0.0 OK for: @babel/code-frame@7.26.2 want: ^4.0.0
348 silly placeDep ROOT picocolors@1.1.1 OK for: @babel/code-frame@7.26.2 want: ^1.0.0
349 silly placeDep ROOT @jridgewell/gen-mapping@0.3.5 OK for: @babel/generator@7.26.3 want: ^0.3.5
350 silly placeDep ROOT @jridgewell/trace-mapping@0.3.25 OK for: @babel/generator@7.26.3 want: ^0.3.25
351 silly placeDep ROOT jsesc@3.0.2 OK for: @babel/generator@7.26.3 want: ^3.0.2
352 silly fetch manifest @jridgewell/set-array@^1.2.1
353 silly packumentCache full:https://registry.npmjs.org/@jridgewell%2fset-array cache-miss
354 silly fetch manifest @jridgewell/trace-mapping@^0.3.24
355 silly packumentCache full:https://registry.npmjs.org/@jridgewell%2ftrace-mapping cache-hit
356 silly fetch manifest @jridgewell/sourcemap-codec@^1.4.10
357 silly packumentCache full:https://registry.npmjs.org/@jridgewell%2fsourcemap-codec cache-miss
358 silly fetch manifest @jridgewell/resolve-uri@^3.1.0
359 silly packumentCache full:https://registry.npmjs.org/@jridgewell%2fresolve-uri cache-miss
360 silly fetch manifest @jridgewell/sourcemap-codec@^1.4.14
361 silly packumentCache full:https://registry.npmjs.org/@jridgewell%2fsourcemap-codec cache-miss
362 http fetch GET 200 https://registry.npmjs.org/@jridgewell%2fsourcemap-codec 49ms (cache revalidated)
363 silly packumentCache full:https://registry.npmjs.org/@jridgewell%2fsourcemap-codec set size:54548 disposed:false
364 http fetch GET 200 https://registry.npmjs.org/@jridgewell%2fresolve-uri 51ms (cache revalidated)
365 silly packumentCache full:https://registry.npmjs.org/@jridgewell%2fresolve-uri set size:57361 disposed:false
366 http fetch GET 200 https://registry.npmjs.org/@jridgewell%2fset-array 60ms (cache revalidated)
367 silly packumentCache full:https://registry.npmjs.org/@jridgewell%2fset-array set size:25503 disposed:false
368 http fetch GET 200 https://registry.npmjs.org/@jridgewell%2fsourcemap-codec 67ms (cache revalidated)
369 silly packumentCache full:https://registry.npmjs.org/@jridgewell%2fsourcemap-codec set size:54548 disposed:false
370 silly packumentCache full:https://registry.npmjs.org/@jridgewell%2fsourcemap-codec dispose
371 silly placeDep ROOT @babel/helper-string-parser@7.25.9 OK for: @babel/types@7.26.3 want: ^7.25.9
372 silly placeDep ROOT @emotion/sheet@1.4.0 OK for: @emotion/cache@11.14.0 want: ^1.4.0
373 silly placeDep ROOT @emotion/unitless@0.10.0 OK for: @emotion/serialize@1.3.3 want: ^0.10.0
374 silly placeDep ROOT csstype@3.1.3 OK for: @emotion/serialize@1.3.3 want: ^3.0.2
375 silly placeDep ROOT @emotion/is-prop-valid@1.3.1 OK for: @emotion/styled@11.14.0 want: ^1.3.0
376 silly placeDep ROOT @jridgewell/set-array@1.2.1 OK for: @jridgewell/gen-mapping@0.3.5 want: ^1.2.1
377 silly placeDep ROOT @jridgewell/sourcemap-codec@1.5.0 OK for: @jridgewell/gen-mapping@0.3.5 want: ^1.4.10
378 silly placeDep ROOT @jridgewell/resolve-uri@3.1.2 OK for: @jridgewell/trace-mapping@0.3.25 want: ^3.1.0
379 silly placeDep ROOT @mui/core-downloads-tracker@6.1.10 OK for: @mui/material@6.1.10 want: ^6.1.10
380 silly placeDep ROOT @mui/types@7.2.19 OK for: @mui/material@6.1.10 want: ^7.2.19
381 silly placeDep ROOT @mui/utils@6.1.10 OK for: @mui/material@6.1.10 want: ^6.1.10
382 silly placeDep ROOT @popperjs/core@2.11.8 OK for: @mui/material@6.1.10 want: ^2.11.8
383 silly placeDep ROOT @types/react-transition-group@4.4.11 OK for: @mui/material@6.1.10 want: ^4.4.11
384 silly placeDep ROOT clsx@2.1.1 OK for: @mui/material@6.1.10 want: ^2.1.1
385 silly placeDep ROOT prop-types@15.8.1 OK for: @mui/material@6.1.10 want: ^15.8.1
386 silly placeDep ROOT react-is@18.3.1 OK for: @mui/material@6.1.10 want: ^18.3.1
387 silly placeDep ROOT react-transition-group@4.4.5 OK for: @mui/material@6.1.10 want: ^4.4.5
388 silly fetch manifest @types/prop-types@^15.7.13
389 silly packumentCache full:https://registry.npmjs.org/@types%2fprop-types cache-miss
390 silly fetch manifest @types/react@*
391 silly packumentCache full:https://registry.npmjs.org/@types%2freact cache-miss
392 silly fetch manifest loose-envify@^1.4.0
393 silly packumentCache full:https://registry.npmjs.org/loose-envify cache-miss
394 silly fetch manifest object-assign@^4.1.1
395 silly packumentCache full:https://registry.npmjs.org/object-assign cache-miss
396 silly fetch manifest react-is@^16.13.1
397 silly packumentCache full:https://registry.npmjs.org/react-is cache-miss
398 silly fetch manifest dom-helpers@^5.0.1
399 silly packumentCache full:https://registry.npmjs.org/dom-helpers cache-miss
400 silly fetch manifest loose-envify@^1.4.0
401 silly packumentCache full:https://registry.npmjs.org/loose-envify cache-miss
402 http cache https://registry.npmjs.org/@types%2freact 6ms (cache hit)
403 silly packumentCache full:https://registry.npmjs.org/@types%2freact set size:2241944 disposed:false
404 http cache https://registry.npmjs.org/react-is 18ms (cache hit)
405 silly packumentCache full:https://registry.npmjs.org/react-is set size:4252796 disposed:false
406 http fetch GET 200 https://registry.npmjs.org/dom-helpers 40ms (cache miss)
407 silly packumentCache full:https://registry.npmjs.org/dom-helpers set size:undefined disposed:false
408 http fetch GET 200 https://registry.npmjs.org/@types%2fprop-types 44ms (cache miss)
409 silly packumentCache full:https://registry.npmjs.org/@types%2fprop-types set size:undefined disposed:false
410 http fetch GET 200 https://registry.npmjs.org/loose-envify 70ms (cache revalidated)
411 silly packumentCache full:https://registry.npmjs.org/loose-envify set size:12559 disposed:false
412 http fetch GET 200 https://registry.npmjs.org/object-assign 71ms (cache revalidated)
413 silly packumentCache full:https://registry.npmjs.org/object-assign set size:29002 disposed:false
414 http fetch GET 200 https://registry.npmjs.org/loose-envify 71ms (cache revalidated)
415 silly packumentCache full:https://registry.npmjs.org/loose-envify set size:12559 disposed:false
416 silly packumentCache full:https://registry.npmjs.org/loose-envify dispose
417 silly placeDep ROOT @mui/private-theming@6.1.10 OK for: @mui/system@6.1.10 want: ^6.1.10
418 silly placeDep ROOT @mui/styled-engine@6.1.10 OK for: @mui/system@6.1.10 want: ^6.1.10
419 silly placeDep ROOT @types/prop-types@15.7.14 OK for: @mui/utils@6.1.10 want: ^15.7.13
420 silly placeDep ROOT @types/react@19.0.1 OK for: @types/react-transition-group@4.4.11 want: *
421 silly placeDep ROOT cosmiconfig@7.1.0 OK for: babel-plugin-macros@3.1.0 want: ^7.0.0
422 silly placeDep ROOT resolve@1.22.8 OK for: babel-plugin-macros@3.1.0 want: ^1.19.0
423 silly fetch manifest @types/parse-json@^4.0.0
424 silly packumentCache full:https://registry.npmjs.org/@types%2fparse-json cache-miss
425 silly fetch manifest import-fresh@^3.2.1
426 silly packumentCache full:https://registry.npmjs.org/import-fresh cache-miss
427 silly fetch manifest parse-json@^5.0.0
428 silly packumentCache full:https://registry.npmjs.org/parse-json cache-miss
429 silly fetch manifest path-type@^4.0.0
430 silly packumentCache full:https://registry.npmjs.org/path-type cache-miss
431 silly fetch manifest yaml@^1.10.0
432 silly packumentCache full:https://registry.npmjs.org/yaml cache-miss
433 silly fetch manifest is-core-module@^2.13.0
434 silly packumentCache full:https://registry.npmjs.org/is-core-module cache-miss
435 silly fetch manifest path-parse@^1.0.7
436 silly packumentCache full:https://registry.npmjs.org/path-parse cache-miss
437 silly fetch manifest supports-preserve-symlinks-flag@^1.0.0
438 silly packumentCache full:https://registry.npmjs.org/supports-preserve-symlinks-flag cache-miss
439 http fetch GET 200 https://registry.npmjs.org/path-type 37ms (cache revalidated)
440 silly packumentCache full:https://registry.npmjs.org/path-type set size:15341 disposed:false
441 http fetch GET 200 https://registry.npmjs.org/import-fresh 40ms (cache revalidated)
442 silly packumentCache full:https://registry.npmjs.org/import-fresh set size:19880 disposed:false
443 http fetch GET 200 https://registry.npmjs.org/path-parse 40ms (cache revalidated)
444 silly packumentCache full:https://registry.npmjs.org/path-parse set size:14523 disposed:false
445 http fetch GET 200 https://registry.npmjs.org/parse-json 41ms (cache revalidated)
446 silly packumentCache full:https://registry.npmjs.org/parse-json set size:43961 disposed:false
447 http fetch GET 200 https://registry.npmjs.org/supports-preserve-symlinks-flag 42ms (cache revalidated)
448 silly packumentCache full:https://registry.npmjs.org/supports-preserve-symlinks-flag set size:6802 disposed:false
449 http fetch GET 200 https://registry.npmjs.org/yaml 43ms (cache revalidated)
450 silly packumentCache full:https://registry.npmjs.org/yaml set size:346482 disposed:false
451 http fetch GET 200 https://registry.npmjs.org/@types%2fparse-json 47ms (cache revalidated)
452 silly packumentCache full:https://registry.npmjs.org/@types%2fparse-json set size:5518 disposed:false
453 http fetch GET 200 https://registry.npmjs.org/is-core-module 47ms (cache revalidated)
454 silly packumentCache full:https://registry.npmjs.org/is-core-module set size:66526 disposed:false
455 silly placeDep ROOT @types/parse-json@4.0.2 OK for: cosmiconfig@7.1.0 want: ^4.0.0
456 silly placeDep ROOT import-fresh@3.3.0 OK for: cosmiconfig@7.1.0 want: ^3.2.1
457 silly placeDep ROOT parse-json@5.2.0 OK for: cosmiconfig@7.1.0 want: ^5.0.0
458 silly placeDep ROOT path-type@4.0.0 OK for: cosmiconfig@7.1.0 want: ^4.0.0
459 silly placeDep ROOT yaml@1.10.2 OK for: cosmiconfig@7.1.0 want: ^1.10.0
460 silly fetch manifest parent-module@^1.0.0
461 silly packumentCache full:https://registry.npmjs.org/parent-module cache-miss
462 silly fetch manifest resolve-from@^4.0.0
463 silly packumentCache full:https://registry.npmjs.org/resolve-from cache-miss
464 silly fetch manifest error-ex@^1.3.1
465 silly packumentCache full:https://registry.npmjs.org/error-ex cache-miss
466 silly fetch manifest json-parse-even-better-errors@^2.3.0
467 silly packumentCache full:https://registry.npmjs.org/json-parse-even-better-errors cache-miss
468 silly fetch manifest lines-and-columns@^1.1.6
469 silly packumentCache full:https://registry.npmjs.org/lines-and-columns cache-miss
470 http fetch GET 200 https://registry.npmjs.org/lines-and-columns 36ms (cache revalidated)
471 silly packumentCache full:https://registry.npmjs.org/lines-and-columns set size:73796 disposed:false
472 http fetch GET 200 https://registry.npmjs.org/resolve-from 41ms (cache revalidated)
473 silly packumentCache full:https://registry.npmjs.org/resolve-from set size:12911 disposed:false
474 http fetch GET 200 https://registry.npmjs.org/error-ex 42ms (cache revalidated)
475 silly packumentCache full:https://registry.npmjs.org/error-ex set size:29963 disposed:false
476 http fetch GET 200 https://registry.npmjs.org/json-parse-even-better-errors 42ms (cache revalidated)
477 silly packumentCache full:https://registry.npmjs.org/json-parse-even-better-errors set size:31937 disposed:false
478 http fetch GET 200 https://registry.npmjs.org/parent-module 51ms (cache revalidated)
479 silly packumentCache full:https://registry.npmjs.org/parent-module set size:16638 disposed:false
480 silly placeDep ROOT ms@2.1.3 OK for: debug@4.4.0 want: ^2.1.3
481 silly placeDep node_modules/hoist-non-react-statics react-is@16.13.1 OK for: hoist-non-react-statics@3.3.2 want: ^16.7.0
482 silly placeDep ROOT parent-module@1.0.1 OK for: import-fresh@3.3.0 want: ^1.0.0
483 silly placeDep ROOT resolve-from@4.0.0 OK for: import-fresh@3.3.0 want: ^4.0.0
484 silly fetch manifest callsites@^3.0.0
485 silly packumentCache full:https://registry.npmjs.org/callsites cache-miss
486 http fetch GET 200 https://registry.npmjs.org/callsites 41ms (cache revalidated)
487 silly packumentCache full:https://registry.npmjs.org/callsites set size:21349 disposed:false
488 silly placeDep ROOT callsites@3.1.0 OK for: parent-module@1.0.1 want: ^3.0.0
489 silly placeDep ROOT error-ex@1.3.2 OK for: parse-json@5.2.0 want: ^1.3.1
490 silly placeDep ROOT json-parse-even-better-errors@2.3.1 OK for: parse-json@5.2.0 want: ^2.3.0
491 silly placeDep ROOT lines-and-columns@1.2.4 OK for: parse-json@5.2.0 want: ^1.1.6
492 silly fetch manifest is-arrayish@^0.2.1
493 silly packumentCache full:https://registry.npmjs.org/is-arrayish cache-miss
494 http fetch GET 200 https://registry.npmjs.org/is-arrayish 41ms (cache revalidated)
495 silly packumentCache full:https://registry.npmjs.org/is-arrayish set size:13422 disposed:false
496 silly placeDep ROOT is-arrayish@0.2.1 OK for: error-ex@1.3.2 want: ^0.2.1
497 silly placeDep ROOT loose-envify@1.4.0 OK for: prop-types@15.8.1 want: ^1.4.0
498 silly placeDep ROOT object-assign@4.1.1 OK for: prop-types@15.8.1 want: ^4.1.1
499 silly placeDep node_modules/prop-types react-is@16.13.1 OK for: prop-types@15.8.1 want: ^16.13.1
500 silly placeDep ROOT dom-helpers@5.2.1 OK for: react-transition-group@4.4.5 want: ^5.0.1
501 silly placeDep ROOT is-core-module@2.15.1 OK for: resolve@1.22.8 want: ^2.13.0
502 silly placeDep ROOT path-parse@1.0.7 OK for: resolve@1.22.8 want: ^1.0.7
503 silly placeDep ROOT supports-preserve-symlinks-flag@1.0.0 OK for: resolve@1.22.8 want: ^1.0.0
504 silly fetch manifest hasown@^2.0.2
505 silly packumentCache full:https://registry.npmjs.org/hasown cache-miss
506 http fetch GET 200 https://registry.npmjs.org/hasown 643ms (cache revalidated)
507 silly packumentCache full:https://registry.npmjs.org/hasown set size:12476 disposed:false
508 silly placeDep ROOT hasown@2.0.2 OK for: is-core-module@2.15.1 want: ^2.0.2
509 silly fetch manifest function-bind@^1.1.2
510 silly packumentCache full:https://registry.npmjs.org/function-bind cache-miss
511 http fetch GET 200 https://registry.npmjs.org/function-bind 40ms (cache revalidated)
512 silly packumentCache full:https://registry.npmjs.org/function-bind set size:15733 disposed:false
513 silly placeDep ROOT function-bind@1.1.2 OK for: hasown@2.0.2 want: ^1.1.2
514 silly reify moves {}
515 http cache function-bind@https://registry.npmjs.org/function-bind/-/function-bind-1.1.2.tgz 0ms (cache hit)
516 http cache hasown@https://registry.npmjs.org/hasown/-/hasown-2.0.2.tgz 0ms (cache hit)
517 http cache supports-preserve-symlinks-flag@https://registry.npmjs.org/supports-preserve-symlinks-flag/-/supports-preserve-symlinks-flag-1.0.0.tgz 0ms (cache hit)
518 http cache is-core-module@https://registry.npmjs.org/is-core-module/-/is-core-module-2.15.1.tgz 0ms (cache hit)
519 http cache dom-helpers@https://registry.npmjs.org/dom-helpers/-/dom-helpers-5.2.1.tgz 0ms (cache hit)
520 http cache path-parse@https://registry.npmjs.org/path-parse/-/path-parse-1.0.7.tgz 0ms (cache hit)
521 http cache loose-envify@https://registry.npmjs.org/loose-envify/-/loose-envify-1.4.0.tgz 0ms (cache hit)
522 http cache object-assign@https://registry.npmjs.org/object-assign/-/object-assign-4.1.1.tgz 0ms (cache hit)
523 http cache is-arrayish@https://registry.npmjs.org/is-arrayish/-/is-arrayish-0.2.1.tgz 0ms (cache hit)
524 http cache lines-and-columns@https://registry.npmjs.org/lines-and-columns/-/lines-and-columns-1.2.4.tgz 0ms (cache hit)
525 http cache json-parse-even-better-errors@https://registry.npmjs.org/json-parse-even-better-errors/-/json-parse-even-better-errors-2.3.1.tgz 0ms (cache hit)
526 http cache callsites@https://registry.npmjs.org/callsites/-/callsites-3.1.0.tgz 0ms (cache hit)
527 http cache error-ex@https://registry.npmjs.org/error-ex/-/error-ex-1.3.2.tgz 0ms (cache hit)
528 http cache resolve-from@https://registry.npmjs.org/resolve-from/-/resolve-from-4.0.0.tgz 0ms (cache hit)
529 http cache parent-module@https://registry.npmjs.org/parent-module/-/parent-module-1.0.1.tgz 0ms (cache hit)
530 http cache ms@https://registry.npmjs.org/ms/-/ms-2.1.3.tgz 0ms (cache hit)
531 http cache yaml@https://registry.npmjs.org/yaml/-/yaml-1.10.2.tgz 0ms (cache hit)
532 http cache path-type@https://registry.npmjs.org/path-type/-/path-type-4.0.0.tgz 0ms (cache hit)
533 http cache @types/parse-json@https://registry.npmjs.org/@types/parse-json/-/parse-json-4.0.2.tgz 0ms (cache hit)
534 http cache parse-json@https://registry.npmjs.org/parse-json/-/parse-json-5.2.0.tgz 0ms (cache hit)
535 http cache import-fresh@https://registry.npmjs.org/import-fresh/-/import-fresh-3.3.0.tgz 0ms (cache hit)
536 http cache @types/react@https://registry.npmjs.org/@types/react/-/react-19.0.1.tgz 0ms (cache hit)
537 http cache resolve@https://registry.npmjs.org/resolve/-/resolve-1.22.8.tgz 0ms (cache hit)
538 http cache cosmiconfig@https://registry.npmjs.org/cosmiconfig/-/cosmiconfig-7.1.0.tgz 0ms (cache hit)
539 http cache @types/prop-types@https://registry.npmjs.org/@types/prop-types/-/prop-types-15.7.14.tgz 0ms (cache hit)
540 http cache @mui/styled-engine@https://registry.npmjs.org/@mui/styled-engine/-/styled-engine-6.1.10.tgz 0ms (cache hit)
541 http cache @mui/private-theming@https://registry.npmjs.org/@mui/private-theming/-/private-theming-6.1.10.tgz 0ms (cache hit)
542 http cache react-transition-group@https://registry.npmjs.org/react-transition-group/-/react-transition-group-4.4.5.tgz 0ms (cache hit)
543 http cache @types/react-transition-group@https://registry.npmjs.org/@types/react-transition-group/-/react-transition-group-4.4.11.tgz 0ms (cache hit)
544 http cache @popperjs/core@https://registry.npmjs.org/@popperjs/core/-/core-2.11.8.tgz 0ms (cache hit)
545 http cache @mui/utils@https://registry.npmjs.org/@mui/utils/-/utils-6.1.10.tgz 0ms (cache hit)
546 http cache @mui/types@https://registry.npmjs.org/@mui/types/-/types-7.2.19.tgz 0ms (cache hit)
547 http cache @mui/core-downloads-tracker@https://registry.npmjs.org/@mui/core-downloads-tracker/-/core-downloads-tracker-6.1.10.tgz 0ms (cache hit)
548 http cache react-is@https://registry.npmjs.org/react-is/-/react-is-18.3.1.tgz 0ms (cache hit)
549 http cache @jridgewell/resolve-uri@https://registry.npmjs.org/@jridgewell/resolve-uri/-/resolve-uri-3.1.2.tgz 0ms (cache hit)
550 http cache prop-types@https://registry.npmjs.org/prop-types/-/prop-types-15.8.1.tgz 0ms (cache hit)
551 http cache @jridgewell/sourcemap-codec@https://registry.npmjs.org/@jridgewell/sourcemap-codec/-/sourcemap-codec-1.5.0.tgz 0ms (cache hit)
552 http cache clsx@https://registry.npmjs.org/clsx/-/clsx-2.1.1.tgz 0ms (cache hit)
553 http cache @emotion/is-prop-valid@https://registry.npmjs.org/@emotion/is-prop-valid/-/is-prop-valid-1.3.1.tgz 0ms (cache hit)
554 http cache @jridgewell/set-array@https://registry.npmjs.org/@jridgewell/set-array/-/set-array-1.2.1.tgz 0ms (cache hit)
555 http cache csstype@https://registry.npmjs.org/csstype/-/csstype-3.1.3.tgz 0ms (cache hit)
556 http cache jsesc@https://registry.npmjs.org/jsesc/-/jsesc-3.0.2.tgz 0ms (cache hit)
557 http cache @babel/helper-string-parser@https://registry.npmjs.org/@babel/helper-string-parser/-/helper-string-parser-7.25.9.tgz 0ms (cache hit)
558 http cache @emotion/sheet@https://registry.npmjs.org/@emotion/sheet/-/sheet-1.4.0.tgz 0ms (cache hit)
559 http cache @jridgewell/trace-mapping@https://registry.npmjs.org/@jridgewell/trace-mapping/-/trace-mapping-0.3.25.tgz 0ms (cache hit)
560 http cache picocolors@https://registry.npmjs.org/picocolors/-/picocolors-1.1.1.tgz 0ms (cache hit)
561 http cache @emotion/unitless@https://registry.npmjs.org/@emotion/unitless/-/unitless-0.10.0.tgz 0ms (cache hit)
562 http cache js-tokens@https://registry.npmjs.org/js-tokens/-/js-tokens-4.0.0.tgz 0ms (cache hit)
563 http cache @babel/helper-validator-identifier@https://registry.npmjs.org/@babel/helper-validator-identifier/-/helper-validator-identifier-7.25.9.tgz 0ms (cache hit)
564 http cache @jridgewell/gen-mapping@https://registry.npmjs.org/@jridgewell/gen-mapping/-/gen-mapping-0.3.5.tgz 0ms (cache hit)
565 http cache @babel/template@https://registry.npmjs.org/@babel/template/-/template-7.25.9.tgz 0ms (cache hit)
566 http cache @babel/parser@https://registry.npmjs.org/@babel/parser/-/parser-7.26.3.tgz 0ms (cache hit)
567 http cache @babel/generator@https://registry.npmjs.org/@babel/generator/-/generator-7.26.3.tgz 0ms (cache hit)
568 http cache @babel/code-frame@https://registry.npmjs.org/@babel/code-frame/-/code-frame-7.26.2.tgz 0ms (cache hit)
569 http cache @babel/types@https://registry.npmjs.org/@babel/types/-/types-7.26.3.tgz 0ms (cache hit)
570 http cache debug@https://registry.npmjs.org/debug/-/debug-4.4.0.tgz 0ms (cache hit)
571 http cache @babel/traverse@https://registry.npmjs.org/@babel/traverse/-/traverse-7.26.4.tgz 0ms (cache hit)
572 http cache globals@https://registry.npmjs.org/globals/-/globals-11.12.0.tgz 0ms (cache hit)
573 http cache stylis@https://registry.npmjs.org/stylis/-/stylis-4.2.0.tgz 0ms (cache hit)
574 http cache source-map@https://registry.npmjs.org/source-map/-/source-map-0.5.7.tgz 0ms (cache hit)
575 http cache find-root@https://registry.npmjs.org/find-root/-/find-root-1.1.0.tgz 0ms (cache hit)
576 http cache escape-string-regexp@https://registry.npmjs.org/escape-string-regexp/-/escape-string-regexp-4.0.0.tgz 0ms (cache hit)
577 http cache @emotion/memoize@https://registry.npmjs.org/@emotion/memoize/-/memoize-0.9.0.tgz 0ms (cache hit)
578 http cache @emotion/hash@https://registry.npmjs.org/@emotion/hash/-/hash-0.9.2.tgz 0ms (cache hit)
579 http cache @babel/helper-module-imports@https://registry.npmjs.org/@babel/helper-module-imports/-/helper-module-imports-7.25.9.tgz 0ms (cache hit)
580 http cache convert-source-map@https://registry.npmjs.org/convert-source-map/-/convert-source-map-1.9.0.tgz 0ms (cache hit)
581 http cache babel-plugin-macros@https://registry.npmjs.org/babel-plugin-macros/-/babel-plugin-macros-3.1.0.tgz 0ms (cache hit)
582 http cache @emotion/weak-memoize@https://registry.npmjs.org/@emotion/weak-memoize/-/weak-memoize-0.4.0.tgz 0ms (cache hit)
583 http cache regenerator-runtime@https://registry.npmjs.org/regenerator-runtime/-/regenerator-runtime-0.14.1.tgz 0ms (cache hit)
584 http cache @emotion/utils@https://registry.npmjs.org/@emotion/utils/-/utils-1.4.2.tgz 0ms (cache hit)
585 http cache hoist-non-react-statics@https://registry.npmjs.org/hoist-non-react-statics/-/hoist-non-react-statics-3.3.2.tgz 0ms (cache hit)
586 http cache @emotion/use-insertion-effect-with-fallbacks@https://registry.npmjs.org/@emotion/use-insertion-effect-with-fallbacks/-/use-insertion-effect-with-fallbacks-1.2.0.tgz 0ms (cache hit)
587 http cache @emotion/cache@https://registry.npmjs.org/@emotion/cache/-/cache-11.14.0.tgz 0ms (cache hit)
588 http cache @emotion/serialize@https://registry.npmjs.org/@emotion/serialize/-/serialize-1.3.3.tgz 0ms (cache hit)
589 http cache @emotion/babel-plugin@https://registry.npmjs.org/@emotion/babel-plugin/-/babel-plugin-11.13.5.tgz 0ms (cache hit)
590 http cache @babel/runtime@https://registry.npmjs.org/@babel/runtime/-/runtime-7.26.0.tgz 0ms (cache hit)
591 http cache @mui/system@https://registry.npmjs.org/@mui/system/-/system-6.1.10.tgz 0ms (cache hit)
592 http cache @emotion/styled@https://registry.npmjs.org/@emotion/styled/-/styled-11.14.0.tgz 0ms (cache hit)
593 http cache @emotion/react@https://registry.npmjs.org/@emotion/react/-/react-11.14.0.tgz 0ms (cache hit)
594 http cache @mui/material@https://registry.npmjs.org/@mui/material/-/material-6.1.10.tgz 0ms (cache hit)
595 http cache react-is@https://registry.npmjs.org/react-is/-/react-is-16.13.1.tgz 0ms (cache hit)
596 http cache react-is@https://registry.npmjs.org/react-is/-/react-is-16.13.1.tgz 0ms (cache hit)
597 silly tarball no local data for dom-helpers@https://registry.npmjs.org/dom-helpers/-/dom-helpers-5.2.1.tgz. Extracting by manifest.
598 silly tarball no local data for @types/react@https://registry.npmjs.org/@types/react/-/react-19.0.1.tgz. Extracting by manifest.
599 silly tarball no local data for @types/prop-types@https://registry.npmjs.org/@types/prop-types/-/prop-types-15.7.14.tgz. Extracting by manifest.
600 silly tarball no local data for @mui/styled-engine@https://registry.npmjs.org/@mui/styled-engine/-/styled-engine-6.1.10.tgz. Extracting by manifest.
601 silly tarball no local data for @mui/private-theming@https://registry.npmjs.org/@mui/private-theming/-/private-theming-6.1.10.tgz. Extracting by manifest.
602 silly tarball no local data for react-transition-group@https://registry.npmjs.org/react-transition-group/-/react-transition-group-4.4.5.tgz. Extracting by manifest.
603 silly tarball no local data for @types/react-transition-group@https://registry.npmjs.org/@types/react-transition-group/-/react-transition-group-4.4.11.tgz. Extracting by manifest.
604 silly tarball no local data for @popperjs/core@https://registry.npmjs.org/@popperjs/core/-/core-2.11.8.tgz. Extracting by manifest.
605 silly tarball no local data for @mui/utils@https://registry.npmjs.org/@mui/utils/-/utils-6.1.10.tgz. Extracting by manifest.
606 silly tarball no local data for @mui/types@https://registry.npmjs.org/@mui/types/-/types-7.2.19.tgz. Extracting by manifest.
607 silly tarball no local data for @mui/core-downloads-tracker@https://registry.npmjs.org/@mui/core-downloads-tracker/-/core-downloads-tracker-6.1.10.tgz. Extracting by manifest.
608 silly tarball no local data for clsx@https://registry.npmjs.org/clsx/-/clsx-2.1.1.tgz. Extracting by manifest.
609 silly tarball no local data for @emotion/is-prop-valid@https://registry.npmjs.org/@emotion/is-prop-valid/-/is-prop-valid-1.3.1.tgz. Extracting by manifest.
610 silly tarball no local data for csstype@https://registry.npmjs.org/csstype/-/csstype-3.1.3.tgz. Extracting by manifest.
611 silly tarball no local data for @emotion/sheet@https://registry.npmjs.org/@emotion/sheet/-/sheet-1.4.0.tgz. Extracting by manifest.
612 silly tarball no local data for @emotion/unitless@https://registry.npmjs.org/@emotion/unitless/-/unitless-0.10.0.tgz. Extracting by manifest.
613 silly tarball no local data for stylis@https://registry.npmjs.org/stylis/-/stylis-4.2.0.tgz. Extracting by manifest.
614 silly tarball no local data for source-map@https://registry.npmjs.org/source-map/-/source-map-0.5.7.tgz. Extracting by manifest.
615 silly tarball no local data for find-root@https://registry.npmjs.org/find-root/-/find-root-1.1.0.tgz. Extracting by manifest.
616 silly tarball no local data for @emotion/memoize@https://registry.npmjs.org/@emotion/memoize/-/memoize-0.9.0.tgz. Extracting by manifest.
617 silly tarball no local data for @emotion/hash@https://registry.npmjs.org/@emotion/hash/-/hash-0.9.2.tgz. Extracting by manifest.
618 silly tarball no local data for @emotion/weak-memoize@https://registry.npmjs.org/@emotion/weak-memoize/-/weak-memoize-0.4.0.tgz. Extracting by manifest.
619 silly tarball no local data for @emotion/utils@https://registry.npmjs.org/@emotion/utils/-/utils-1.4.2.tgz. Extracting by manifest.
620 silly tarball no local data for hoist-non-react-statics@https://registry.npmjs.org/hoist-non-react-statics/-/hoist-non-react-statics-3.3.2.tgz. Extracting by manifest.
621 silly tarball no local data for @emotion/use-insertion-effect-with-fallbacks@https://registry.npmjs.org/@emotion/use-insertion-effect-with-fallbacks/-/use-insertion-effect-with-fallbacks-1.2.0.tgz. Extracting by manifest.
622 silly tarball no local data for @emotion/cache@https://registry.npmjs.org/@emotion/cache/-/cache-11.14.0.tgz. Extracting by manifest.
623 silly tarball no local data for @emotion/serialize@https://registry.npmjs.org/@emotion/serialize/-/serialize-1.3.3.tgz. Extracting by manifest.
624 silly tarball no local data for @emotion/babel-plugin@https://registry.npmjs.org/@emotion/babel-plugin/-/babel-plugin-11.13.5.tgz. Extracting by manifest.
625 silly tarball no local data for @mui/system@https://registry.npmjs.org/@mui/system/-/system-6.1.10.tgz. Extracting by manifest.
626 silly tarball no local data for @emotion/styled@https://registry.npmjs.org/@emotion/styled/-/styled-11.14.0.tgz. Extracting by manifest.
627 silly tarball no local data for @emotion/react@https://registry.npmjs.org/@emotion/react/-/react-11.14.0.tgz. Extracting by manifest.
628 silly tarball no local data for @mui/material@https://registry.npmjs.org/@mui/material/-/material-6.1.10.tgz. Extracting by manifest.
629 http fetch GET 200 https://registry.npmjs.org/clsx/-/clsx-2.1.1.tgz 116ms (cache miss)
630 http fetch GET 200 https://registry.npmjs.org/@types/prop-types/-/prop-types-15.7.14.tgz 125ms (cache miss)
631 http fetch GET 200 https://registry.npmjs.org/@mui/core-downloads-tracker/-/core-downloads-tracker-6.1.10.tgz 127ms (cache miss)
632 http fetch GET 200 https://registry.npmjs.org/@emotion/is-prop-valid/-/is-prop-valid-1.3.1.tgz 128ms (cache miss)
633 http fetch GET 200 https://registry.npmjs.org/@mui/types/-/types-7.2.19.tgz 133ms (cache miss)
634 http fetch GET 200 https://registry.npmjs.org/find-root/-/find-root-1.1.0.tgz 144ms (cache miss)
635 http fetch GET 200 https://registry.npmjs.org/@emotion/unitless/-/unitless-0.10.0.tgz 152ms (cache miss)
636 http fetch GET 200 https://registry.npmjs.org/hoist-non-react-statics/-/hoist-non-react-statics-3.3.2.tgz 154ms (cache miss)
637 http fetch GET 200 https://registry.npmjs.org/@emotion/memoize/-/memoize-0.9.0.tgz 158ms (cache miss)
638 http fetch GET 200 https://registry.npmjs.org/@emotion/utils/-/utils-1.4.2.tgz 161ms (cache miss)
639 http fetch GET 200 https://registry.npmjs.org/@emotion/hash/-/hash-0.9.2.tgz 164ms (cache miss)
640 http fetch GET 200 https://registry.npmjs.org/@emotion/use-insertion-effect-with-fallbacks/-/use-insertion-effect-with-fallbacks-1.2.0.tgz 166ms (cache miss)
641 http fetch GET 200 https://registry.npmjs.org/@emotion/weak-memoize/-/weak-memoize-0.4.0.tgz 181ms (cache miss)
642 http fetch GET 200 https://registry.npmjs.org/@types/react-transition-group/-/react-transition-group-4.4.11.tgz 197ms (cache miss)
643 http fetch GET 200 https://registry.npmjs.org/@emotion/sheet/-/sheet-1.4.0.tgz 242ms (cache miss)
644 http fetch GET 200 https://registry.npmjs.org/@emotion/serialize/-/serialize-1.3.3.tgz 250ms (cache miss)
645 http fetch GET 200 https://registry.npmjs.org/stylis/-/stylis-4.2.0.tgz 255ms (cache miss)
646 http fetch GET 200 https://registry.npmjs.org/csstype/-/csstype-3.1.3.tgz 273ms (cache miss)
647 http fetch GET 200 https://registry.npmjs.org/@mui/styled-engine/-/styled-engine-6.1.10.tgz 292ms (cache miss)
648 http fetch GET 200 https://registry.npmjs.org/@emotion/babel-plugin/-/babel-plugin-11.13.5.tgz 288ms (cache miss)
649 http fetch GET 200 https://registry.npmjs.org/source-map/-/source-map-0.5.7.tgz 304ms (cache miss)
650 http fetch GET 200 https://registry.npmjs.org/@mui/private-theming/-/private-theming-6.1.10.tgz 310ms (cache miss)
651 http fetch GET 200 https://registry.npmjs.org/@types/react/-/react-19.0.1.tgz 414ms (cache miss)
652 http fetch GET 200 https://registry.npmjs.org/react-transition-group/-/react-transition-group-4.4.5.tgz 424ms (cache miss)
653 http fetch GET 200 https://registry.npmjs.org/@emotion/cache/-/cache-11.14.0.tgz 426ms (cache miss)
654 http fetch GET 200 https://registry.npmjs.org/@emotion/styled/-/styled-11.14.0.tgz 500ms (cache miss)
655 http fetch GET 200 https://registry.npmjs.org/@emotion/react/-/react-11.14.0.tgz 620ms (cache miss)
656 http fetch GET 200 https://registry.npmjs.org/dom-helpers/-/dom-helpers-5.2.1.tgz 745ms (cache miss)
657 http fetch GET 200 https://registry.npmjs.org/@popperjs/core/-/core-2.11.8.tgz 765ms (cache miss)
658 http fetch GET 200 https://registry.npmjs.org/@mui/utils/-/utils-6.1.10.tgz 915ms (cache miss)
659 http fetch GET 200 https://registry.npmjs.org/@mui/system/-/system-6.1.10.tgz 928ms (cache miss)
660 http fetch GET 200 https://registry.npmjs.org/@mui/material/-/material-6.1.10.tgz 2850ms (cache miss)
661 silly ADD node_modules/function-bind
662 silly ADD node_modules/hasown
663 silly ADD node_modules/supports-preserve-symlinks-flag
664 silly ADD node_modules/path-parse
665 silly ADD node_modules/is-core-module
666 silly ADD node_modules/dom-helpers
667 silly ADD node_modules/object-assign
668 silly ADD node_modules/loose-envify
669 silly ADD node_modules/is-arrayish
670 silly ADD node_modules/lines-and-columns
671 silly ADD node_modules/json-parse-even-better-errors
672 silly ADD node_modules/error-ex
673 silly ADD node_modules/callsites
674 silly ADD node_modules/resolve-from
675 silly ADD node_modules/parent-module
676 silly ADD node_modules/ms
677 silly ADD node_modules/yaml
678 silly ADD node_modules/path-type
679 silly ADD node_modules/parse-json
680 silly ADD node_modules/import-fresh
681 silly ADD node_modules/@types/parse-json
682 silly ADD node_modules/resolve
683 silly ADD node_modules/cosmiconfig
684 silly ADD node_modules/@types/react
685 silly ADD node_modules/@types/prop-types
686 silly ADD node_modules/@mui/styled-engine
687 silly ADD node_modules/@mui/private-theming
688 silly ADD node_modules/react-transition-group
689 silly ADD node_modules/react-is
690 silly ADD node_modules/prop-types
691 silly ADD node_modules/prop-types/node_modules/react-is
692 silly ADD node_modules/clsx
693 silly ADD node_modules/@types/react-transition-group
694 silly ADD node_modules/@popperjs/core
695 silly ADD node_modules/@mui/utils
696 silly ADD node_modules/@mui/types
697 silly ADD node_modules/@mui/core-downloads-tracker
698 silly ADD node_modules/@jridgewell/resolve-uri
699 silly ADD node_modules/@jridgewell/sourcemap-codec
700 silly ADD node_modules/@jridgewell/set-array
701 silly ADD node_modules/@emotion/is-prop-valid
702 silly ADD node_modules/csstype
703 silly ADD node_modules/@emotion/unitless
704 silly ADD node_modules/@emotion/sheet
705 silly ADD node_modules/@babel/helper-string-parser
706 silly ADD node_modules/jsesc
707 silly ADD node_modules/@jridgewell/trace-mapping
708 silly ADD node_modules/@jridgewell/gen-mapping
709 silly ADD node_modules/picocolors
710 silly ADD node_modules/js-tokens
711 silly ADD node_modules/@babel/helper-validator-identifier
712 silly ADD node_modules/globals
713 silly ADD node_modules/debug
714 silly ADD node_modules/@babel/template
715 silly ADD node_modules/@babel/parser
716 silly ADD node_modules/@babel/generator
717 silly ADD node_modules/@babel/code-frame
718 silly ADD node_modules/@babel/types
719 silly ADD node_modules/@babel/traverse
720 silly ADD node_modules/stylis
721 silly ADD node_modules/source-map
722 silly ADD node_modules/find-root
723 silly ADD node_modules/escape-string-regexp
724 silly ADD node_modules/convert-source-map
725 silly ADD node_modules/babel-plugin-macros
726 silly ADD node_modules/@emotion/memoize
727 silly ADD node_modules/@emotion/hash
728 silly ADD node_modules/@babel/helper-module-imports
729 silly ADD node_modules/regenerator-runtime
730 silly ADD node_modules/hoist-non-react-statics
731 silly ADD node_modules/hoist-non-react-statics/node_modules/react-is
732 silly ADD node_modules/@emotion/weak-memoize
733 silly ADD node_modules/@emotion/utils
734 silly ADD node_modules/@emotion/use-insertion-effect-with-fallbacks
735 silly ADD node_modules/@emotion/serialize
736 silly ADD node_modules/@emotion/cache
737 silly ADD node_modules/@emotion/babel-plugin
738 silly ADD node_modules/@babel/runtime
739 silly ADD node_modules/@mui/system
740 silly ADD node_modules/@mui/material
741 silly ADD node_modules/@emotion/styled
742 silly ADD node_modules/@emotion/react
743 verbose cwd C:\Users\mathe\OneDrive\Área de Trabalho\senhas
744 verbose os Windows_NT 10.0.26100
745 verbose node v22.11.0
746 verbose npm  v10.9.2
747 verbose exit 0
748 info ok
