0 verbose cli C:\Program Files\nodejs\node.exe C:\Users\mathe\AppData\Roaming\npm\node_modules\npm\bin\npm-cli.js
1 info using npm@10.9.2
2 info using node@v22.11.0
3 silly config load:file:C:\Users\mathe\AppData\Roaming\npm\node_modules\npm\npmrc
4 silly config load:file:C:\Users\mathe\OneDrive\Área de Trabalho\senhas\.npmrc
5 silly config load:file:C:\Users\mathe\.npmrc
6 silly config load:file:C:\Users\mathe\AppData\Roaming\npm\etc\npmrc
7 verbose title npm start
8 verbose argv "start"
9 verbose logfile logs-max:10 dir:C:\Users\mathe\OneDrive\Área de Trabalho\senhas\npm-cache\_logs\2024-12-09T11_58_58_553Z-
10 verbose logfile C:\Users\mathe\OneDrive\Área de Trabalho\senhas\npm-cache\_logs\2024-12-09T11_58_58_553Z-debug-0.log
11 silly logfile start cleaning logs, removing 1 files
12 verbose stack Error: Could not read package.json: Error: ENOENT: no such file or directory, open 'C:\Users\mathe\OneDrive\Área de Trabalho\senhas\package.json'
12 verbose stack     at async open (node:internal/fs/promises:638:25)
12 verbose stack     at async readFile (node:internal/fs/promises:1238:14)
12 verbose stack     at async read (C:\Users\mathe\AppData\Roaming\npm\node_modules\npm\node_modules\@npmcli\package-json\lib\read-package.js:9:18)
12 verbose stack     at async PackageJson.load (C:\Users\mathe\AppData\Roaming\npm\node_modules\npm\node_modules\@npmcli\package-json\lib\index.js:131:31)
12 verbose stack     at async PackageJson.normalize (C:\Users\mathe\AppData\Roaming\npm\node_modules\npm\node_modules\@npmcli\package-json\lib\index.js:117:5)
12 verbose stack     at async #run (C:\Users\mathe\AppData\Roaming\npm\node_modules\npm\lib\commands\run-script.js:86:13)
12 verbose stack     at async RunScript.exec (C:\Users\mathe\AppData\Roaming\npm\node_modules\npm\lib\commands\run-script.js:40:7)
12 verbose stack     at async Npm.exec (C:\Users\mathe\AppData\Roaming\npm\node_modules\npm\lib\npm.js:207:9)
12 verbose stack     at async module.exports (C:\Users\mathe\AppData\Roaming\npm\node_modules\npm\lib\cli\entry.js:74:5)
13 error code ENOENT
14 error syscall open
15 error path C:\Users\mathe\OneDrive\Área de Trabalho\senhas\package.json
16 error errno -4058
17 error enoent Could not read package.json: Error: ENOENT: no such file or directory, open 'C:\Users\mathe\OneDrive\Área de Trabalho\senhas\package.json'
18 error enoent This is related to npm not being able to find a file.
18 error enoent
19 verbose cwd C:\Users\mathe\OneDrive\Área de Trabalho\senhas
20 verbose os Windows_NT 10.0.26100
21 verbose node v22.11.0
22 verbose npm  v10.9.2
23 verbose exit -4058
24 verbose code -4058
25 error A complete log of this run can be found in: C:\Users\mathe\OneDrive\Área de Trabalho\senhas\npm-cache\_logs\2024-12-09T11_58_58_553Z-debug-0.log
