0 verbose cli C:\Program Files\nodejs\node.exe C:\Users\mathe\AppData\Roaming\npm\node_modules\npm\bin\npm-cli.js
1 info using npm@10.9.2
2 info using node@v22.11.0
3 silly config load:file:C:\Users\mathe\AppData\Roaming\npm\node_modules\npm\npmrc
4 silly config load:file:C:\Users\mathe\OneDrive\Área de Trabalho\senhas\.npmrc
5 silly config load:file:C:\Users\mathe\.npmrc
6 silly config load:file:C:\Users\mathe\AppData\Roaming\npm\etc\npmrc
7 verbose title npm install @mui/material @mui/system @emotion/react @emotion/styled
8 verbose argv "install" "@mui/material" "@mui/system" "@emotion/react" "@emotion/styled"
9 verbose logfile logs-max:10 dir:C:\Users\mathe\OneDrive\Área de Trabalho\senhas\npm-cache\_logs\2024-12-09T12_02_37_764Z-
10 verbose logfile C:\Users\mathe\OneDrive\Área de Trabalho\senhas\npm-cache\_logs\2024-12-09T12_02_37_764Z-debug-0.log
11 silly logfile start cleaning logs, removing 1 files
12 silly packumentCache heap:4345298944 maxSize:1086324736 maxEntrySize:543162368
13 silly logfile done cleaning log files
14 silly idealTree buildDeps
15 silly fetch manifest @mui/material@*
16 silly packumentCache full:https://registry.npmjs.org/@mui%2fmaterial cache-miss
17 http fetch GET 200 https://registry.npmjs.org/@mui%2fmaterial 1301ms (cache miss)
18 silly packumentCache full:https://registry.npmjs.org/@mui%2fmaterial set size:undefined disposed:false
19 silly fetch manifest @emotion/react@*
20 silly packumentCache full:https://registry.npmjs.org/@emotion%2freact cache-miss
21 http fetch GET 200 https://registry.npmjs.org/@emotion%2freact 1347ms (cache miss)
22 silly packumentCache full:https://registry.npmjs.org/@emotion%2freact set size:undefined disposed:false
23 silly fetch manifest react@>=16.8.0
24 silly packumentCache full:https://registry.npmjs.org/react cache-miss
25 http fetch GET 200 https://registry.npmjs.org/react 101ms (cache updated)
26 silly packumentCache full:https://registry.npmjs.org/react set size:undefined disposed:false
27 silly fetch manifest @emotion/styled@*
28 silly packumentCache full:https://registry.npmjs.org/@emotion%2fstyled cache-miss
29 http fetch GET 200 https://registry.npmjs.org/@emotion%2fstyled 67ms (cache miss)
30 silly packumentCache full:https://registry.npmjs.org/@emotion%2fstyled set size:undefined disposed:false
31 silly fetch manifest @mui/material-pigment-css@^6.1.10
32 silly packumentCache full:https://registry.npmjs.org/@mui%2fmaterial-pigment-css cache-miss
33 http fetch GET 200 https://registry.npmjs.org/@mui%2fmaterial-pigment-css 47ms (cache miss)
34 silly packumentCache full:https://registry.npmjs.org/@mui%2fmaterial-pigment-css set size:undefined disposed:false
35 silly fetch manifest @pigment-css/react@^0.0.27 || ^0.0.28
36 silly packumentCache full:https://registry.npmjs.org/@pigment-css%2freact cache-miss
37 http fetch GET 200 https://registry.npmjs.org/@pigment-css%2freact 43ms (cache miss)
38 silly packumentCache full:https://registry.npmjs.org/@pigment-css%2freact set size:undefined disposed:false
39 silly fetch manifest react@^17.0.0 || ^18.0.0
40 silly packumentCache full:https://registry.npmjs.org/react cache-miss
41 http cache https://registry.npmjs.org/react 11ms (cache hit)
42 silly packumentCache full:https://registry.npmjs.org/react set size:5210139 disposed:false
43 silly fetch manifest @types/react@^17.0.0 || ^18.0.0 || ^19.0.0
44 silly packumentCache full:https://registry.npmjs.org/@types%2freact cache-miss
45 http fetch GET 200 https://registry.npmjs.org/@types%2freact 86ms (cache miss)
46 silly packumentCache full:https://registry.npmjs.org/@types%2freact set size:undefined disposed:false
47 silly fetch manifest react-dom@^17.0.0 || ^18.0.0 || ^19.0.0
48 silly packumentCache full:https://registry.npmjs.org/react-dom cache-miss
49 http fetch GET 200 https://registry.npmjs.org/react-dom 41ms (cache revalidated)
50 silly packumentCache full:https://registry.npmjs.org/react-dom set size:6407308 disposed:false
51 silly fetch manifest react@^19.0.0
52 silly packumentCache full:https://registry.npmjs.org/react cache-miss
53 http cache https://registry.npmjs.org/react 16ms (cache hit)
54 silly packumentCache full:https://registry.npmjs.org/react set size:5210139 disposed:false
55 verbose stack Error: unable to resolve dependency tree
55 verbose stack     at #failPeerConflict (C:\Users\mathe\AppData\Roaming\npm\node_modules\npm\node_modules\@npmcli\arborist\lib\arborist\build-ideal-tree.js:1363:25)
55 verbose stack     at #loadPeerSet (C:\Users\mathe\AppData\Roaming\npm\node_modules\npm\node_modules\@npmcli\arborist\lib\arborist\build-ideal-tree.js:1356:29)
55 verbose stack     at async #loadPeerSet (C:\Users\mathe\AppData\Roaming\npm\node_modules\npm\node_modules\@npmcli\arborist\lib\arborist\build-ideal-tree.js:1297:11)
55 verbose stack     at async #buildDepStep (C:\Users\mathe\AppData\Roaming\npm\node_modules\npm\node_modules\@npmcli\arborist\lib\arborist\build-ideal-tree.js:904:11)
55 verbose stack     at async Arborist.buildIdealTree (C:\Users\mathe\AppData\Roaming\npm\node_modules\npm\node_modules\@npmcli\arborist\lib\arborist\build-ideal-tree.js:181:7)
55 verbose stack     at async Promise.all (index 1)
55 verbose stack     at async Arborist.reify (C:\Users\mathe\AppData\Roaming\npm\node_modules\npm\node_modules\@npmcli\arborist\lib\arborist\reify.js:131:5)
55 verbose stack     at async Install.exec (C:\Users\mathe\AppData\Roaming\npm\node_modules\npm\lib\commands\install.js:150:5)
55 verbose stack     at async Npm.exec (C:\Users\mathe\AppData\Roaming\npm\node_modules\npm\lib\npm.js:207:9)
55 verbose stack     at async module.exports (C:\Users\mathe\AppData\Roaming\npm\node_modules\npm\lib\cli\entry.js:74:5)
56 error code ERESOLVE
57 error ERESOLVE unable to resolve dependency tree
58 error
59 error While resolving: undefined@undefined
59 error Found: react@18.3.1[2m[22m
59 error [2mnode_modules/react[22m
59 error   [95mpeer[39m react@"^17.0.0 || ^18.0.0 || ^19.0.0" from @mui/material@6.1.10[2m[22m
59 error   [2mnode_modules/@mui/material[22m
59 error     @mui/material@"*" from the root project
59 error   [95mpeer[39m react@">=16.8.0" from @emotion/react@11.14.0[2m[22m
59 error   [2mnode_modules/@emotion/react[22m
59 error     @emotion/react@"*" from the root project
59 error     peerOptional @emotion/react@"^11.5.0" from @mui/material@6.1.10[2m[22m
59 error     [2mnode_modules/@mui/material[22m
59 error       @mui/material@"*" from the root project
59 error     2 more (@emotion/styled, @pigment-css/react)
59 error   2 more (@emotion/styled, @pigment-css/react)
59 error
59 error Could not resolve dependency:
59 error [95mpeer[39m react@"^19.0.0" from react-dom@19.0.0[2m[22m
59 error [2mnode_modules/react-dom[22m
59 error   [95mpeer[39m react-dom@"^17.0.0 || ^18.0.0 || ^19.0.0" from @mui/material@6.1.10[2m[22m
59 error   [2mnode_modules/@mui/material[22m
59 error     @mui/material@"*" from the root project
59 error
59 error Fix the upstream dependency conflict, or retry
59 error this command with --force or --legacy-peer-deps
59 error to accept an incorrect (and potentially broken) dependency resolution.
60 error
60 error
60 error For a full report see:
60 error C:\Users\mathe\OneDrive\Área de Trabalho\senhas\npm-cache\_logs\2024-12-09T12_02_37_764Z-eresolve-report.txt
61 silly unfinished npm timer reify 1733745758016
62 silly unfinished npm timer reify:loadTrees 1733745758017
63 silly unfinished npm timer idealTree:buildDeps 1733745758024
64 silly unfinished npm timer idealTree:#root 1733745758024
65 verbose cwd C:\Users\mathe\OneDrive\Área de Trabalho\senhas
66 verbose os Windows_NT 10.0.26100
67 verbose node v22.11.0
68 verbose npm  v10.9.2
69 verbose exit 1
70 verbose code 1
71 error A complete log of this run can be found in: C:\Users\mathe\OneDrive\Área de Trabalho\senhas\npm-cache\_logs\2024-12-09T12_02_37_764Z-debug-0.log
