0 verbose cli C:\Program Files\nodejs\node.exe C:\Users\mathe\AppData\Roaming\npm\node_modules\npm\bin\npm-cli.js
1 info using npm@10.9.2
2 info using node@v22.11.0
3 silly config load:file:C:\Users\mathe\AppData\Roaming\npm\node_modules\npm\npmrc
4 silly config load:file:C:\Users\mathe\OneDrive\Área de Trabalho\senhas\senhas\.npmrc
5 silly config load:file:C:\Users\mathe\.npmrc
6 silly config load:file:C:\Users\mathe\AppData\Roaming\npm\etc\npmrc
7 verbose title npm install chart.js react-chartjs-2
8 verbose argv "install" "chart.js" "react-chartjs-2"
9 verbose logfile logs-max:10 dir:C:\Users\mathe\OneDrive\Área de Trabalho\senhas\senhas\npm-cache\_logs\2024-12-09T12_47_11_365Z-
10 verbose logfile C:\Users\mathe\OneDrive\Área de Trabalho\senhas\senhas\npm-cache\_logs\2024-12-09T12_47_11_365Z-debug-0.log
11 silly logfile start cleaning logs, removing 1 files
12 silly packumentCache heap:4345298944 maxSize:1086324736 maxEntrySize:543162368
13 silly logfile done cleaning log files
14 silly idealTree buildDeps
15 silly fetch manifest chart.js@*
16 silly packumentCache full:https://registry.npmjs.org/chart.js cache-miss
17 http fetch GET 200 https://registry.npmjs.org/chart.js 285ms (cache miss)
18 silly packumentCache full:https://registry.npmjs.org/chart.js set size:undefined disposed:false
19 silly fetch manifest react-chartjs-2@*
20 silly packumentCache full:https://registry.npmjs.org/react-chartjs-2 cache-miss
21 http fetch GET 200 https://registry.npmjs.org/react-chartjs-2 40ms (cache miss)
22 silly packumentCache full:https://registry.npmjs.org/react-chartjs-2 set size:undefined disposed:false
23 silly fetch manifest react@^19.0.0
24 silly packumentCache full:https://registry.npmjs.org/react cache-miss
25 http fetch GET 200 https://registry.npmjs.org/react 58ms (cache revalidated)
26 silly packumentCache full:https://registry.npmjs.org/react set size:5210139 disposed:false
27 silly fetch manifest react@^16.8.0 || ^17.0.0 || ^18.0.0
28 silly packumentCache full:https://registry.npmjs.org/react cache-miss
29 http cache https://registry.npmjs.org/react 14ms (cache hit)
30 silly packumentCache full:https://registry.npmjs.org/react set size:5210139 disposed:false
31 verbose stack Error: unable to resolve dependency tree
31 verbose stack     at #failPeerConflict (C:\Users\mathe\AppData\Roaming\npm\node_modules\npm\node_modules\@npmcli\arborist\lib\arborist\build-ideal-tree.js:1363:25)
31 verbose stack     at #loadPeerSet (C:\Users\mathe\AppData\Roaming\npm\node_modules\npm\node_modules\@npmcli\arborist\lib\arborist\build-ideal-tree.js:1329:33)
31 verbose stack     at async #buildDepStep (C:\Users\mathe\AppData\Roaming\npm\node_modules\npm\node_modules\@npmcli\arborist\lib\arborist\build-ideal-tree.js:904:11)
31 verbose stack     at async Arborist.buildIdealTree (C:\Users\mathe\AppData\Roaming\npm\node_modules\npm\node_modules\@npmcli\arborist\lib\arborist\build-ideal-tree.js:181:7)
31 verbose stack     at async Promise.all (index 1)
31 verbose stack     at async Arborist.reify (C:\Users\mathe\AppData\Roaming\npm\node_modules\npm\node_modules\@npmcli\arborist\lib\arborist\reify.js:131:5)
31 verbose stack     at async Install.exec (C:\Users\mathe\AppData\Roaming\npm\node_modules\npm\lib\commands\install.js:150:5)
31 verbose stack     at async Npm.exec (C:\Users\mathe\AppData\Roaming\npm\node_modules\npm\lib\npm.js:207:9)
31 verbose stack     at async module.exports (C:\Users\mathe\AppData\Roaming\npm\node_modules\npm\lib\cli\entry.js:74:5)
32 error code ERESOLVE
33 error ERESOLVE unable to resolve dependency tree
34 error
35 error While resolving: senhas@0.1.0
35 error Found: react@19.0.0[2m[22m
35 error [2mnode_modules/react[22m
35 error   react@"^19.0.0" from the root project
35 error
35 error Could not resolve dependency:
35 error [95mpeer[39m react@"^16.8.0 || ^17.0.0 || ^18.0.0" from react-chartjs-2@5.2.0[2m[22m
35 error [2mnode_modules/react-chartjs-2[22m
35 error   react-chartjs-2@"*" from the root project
35 error
35 error Fix the upstream dependency conflict, or retry
35 error this command with --force or --legacy-peer-deps
35 error to accept an incorrect (and potentially broken) dependency resolution.
36 error
36 error
36 error For a full report see:
36 error C:\Users\mathe\OneDrive\Área de Trabalho\senhas\senhas\npm-cache\_logs\2024-12-09T12_47_11_365Z-eresolve-report.txt
37 silly unfinished npm timer reify 1733748431670
38 silly unfinished npm timer reify:loadTrees 1733748431670
39 silly unfinished npm timer idealTree:buildDeps 1733748431977
40 silly unfinished npm timer idealTree:#root 1733748431978
41 verbose cwd C:\Users\mathe\OneDrive\Área de Trabalho\senhas\senhas
42 verbose os Windows_NT 10.0.26100
43 verbose node v22.11.0
44 verbose npm  v10.9.2
45 verbose exit 1
46 verbose code 1
47 error A complete log of this run can be found in: C:\Users\mathe\OneDrive\Área de Trabalho\senhas\senhas\npm-cache\_logs\2024-12-09T12_47_11_365Z-debug-0.log
